[2025-07-02 15:14:29.200] [INFO] [WikiRacer:26] Logging Started
[2025-07-02 15:14:29.200] [DEBUG] [WikiRacer:36] start_url: Url { scheme: "https", cannot_be_a_base: false, username: "", password: None, host: Some(Domain("en.wikipedia.org")), port: None, path: "/wiki/Java_(programming_language)", query: None, fragment: None }
[2025-07-02 15:14:29.200] [DEBUG] [WikiRacer:38] target_url: Url { scheme: "https", cannot_be_a_base: false, username: "", password: None, host: Some(Domain("en.wikipedia.org")), port: None, path: "/wiki/James_Gosling", query: None, fragment: None }
[2025-07-02 15:14:29.200] [DEBUG] [WikiRacer:51] Starting crawler with 8 threads, max 10000 URLs, max depth 5
[2025-07-02 15:14:29.528] [INFO] [WikiRacer::crawler:278] Worker 0 started
[2025-07-02 15:14:29.528] [INFO] [WikiRacer::crawler:314] Worker 0: Crawling https://en.wikipedia.org/wiki/Java_(programming_language) at depth 0
[2025-07-02 15:14:29.537] [INFO] [WikiRacer::crawler:278] Worker 1 started
[2025-07-02 15:14:29.550] [INFO] [WikiRacer::crawler:278] Worker 3 started
[2025-07-02 15:14:29.570] [INFO] [WikiRacer::crawler:278] Worker 5 started
[2025-07-02 15:14:29.573] [INFO] [WikiRacer::crawler:278] Worker 2 started
[2025-07-02 15:14:29.586] [INFO] [WikiRacer::crawler:278] Worker 6 started
[2025-07-02 15:14:29.587] [INFO] [WikiRacer::crawler:278] Worker 7 started
[2025-07-02 15:14:29.588] [INFO] [WikiRacer::crawler:278] Worker 4 started
[2025-07-02 15:14:29.748] [DEBUG] [WikiRacer::crawler:251] Skipped foreign host link: https://donate.wikimedia.org/?wmf_source=donate&wmf_medium=sidebar&wmf_campaign=en.wikipedia.org&uselang=en
[2025-07-02 15:14:29.748] [DEBUG] [WikiRacer::crawler:251] Skipped foreign host link: https://donate.wikimedia.org/?wmf_source=donate&wmf_medium=sidebar&wmf_campaign=en.wikipedia.org&uselang=en
[2025-07-02 15:14:29.748] [DEBUG] [WikiRacer::crawler:251] Skipped foreign host link: https://ace.wikipedia.org/wiki/Java
[2025-07-02 15:14:29.748] [DEBUG] [WikiRacer::crawler:251] Skipped foreign host link: https://af.wikipedia.org/wiki/Java_(programmeertaal)
[2025-07-02 15:14:29.748] [DEBUG] [WikiRacer::crawler:251] Skipped foreign host link: https://am.wikipedia.org/wiki/%E1%8C%83%E1%89%AB
[2025-07-02 15:14:29.748] [DEBUG] [WikiRacer::crawler:251] Skipped foreign host link: https://ar.wikipedia.org/wiki/%D8%AC%D8%A7%D9%81%D8%A7_(%D9%84%D8%BA%D8%A9_%D8%A8%D8%B1%D9%85%D8%AC%D8%A9)
[2025-07-02 15:14:29.748] [DEBUG] [WikiRacer::crawler:251] Skipped foreign host link: https://an.wikipedia.org/wiki/Lenguache_de_programaci%C3%B3n_Java
[2025-07-02 15:14:29.748] [DEBUG] [WikiRacer::crawler:251] Skipped foreign host link: https://as.wikipedia.org/wiki/%E0%A6%9C%E0%A6%BE%E0%A6%AD%E0%A6%BE
[2025-07-02 15:14:29.748] [DEBUG] [WikiRacer::crawler:251] Skipped foreign host link: https://ast.wikipedia.org/wiki/Java_(llinguaxe_de_programaci%C3%B3n)
[2025-07-02 15:14:29.748] [DEBUG] [WikiRacer::crawler:251] Skipped foreign host link: https://az.wikipedia.org/wiki/Java
[2025-07-02 15:14:29.748] [DEBUG] [WikiRacer::crawler:251] Skipped foreign host link: https://azb.wikipedia.org/wiki/%D8%AC%D8%A7%D9%88%D8%A7
[2025-07-02 15:14:29.748] [DEBUG] [WikiRacer::crawler:251] Skipped foreign host link: https://bn.wikipedia.org/wiki/%E0%A6%9C%E0%A6%BE%E0%A6%AD%E0%A6%BE_(%E0%A6%AA%E0%A7%8D%E0%A6%B0%E0%A7%8B%E0%A6%97%E0%A7%8D%E0%A6%B0%E0%A6%BE%E0%A6%AE%E0%A6%BF%E0%A6%82_%E0%A6%AD%E0%A6%BE%E0%A6%B7%E0%A6%BE)
[2025-07-02 15:14:29.748] [DEBUG] [WikiRacer::crawler:251] Skipped foreign host link: https://zh-min-nan.wikipedia.org/wiki/Java_(th%C3%AAng-sek_g%C3%AD-gi%C3%A2n)
[2025-07-02 15:14:29.748] [DEBUG] [WikiRacer::crawler:251] Skipped foreign host link: https://be.wikipedia.org/wiki/Java_(%D0%BC%D0%BE%D0%B2%D0%B0_%D0%BF%D1%80%D0%B0%D0%B3%D1%80%D0%B0%D0%BC%D0%B0%D0%B2%D0%B0%D0%BD%D0%BD%D1%8F)
[2025-07-02 15:14:29.748] [DEBUG] [WikiRacer::crawler:251] Skipped foreign host link: https://be-tarask.wikipedia.org/wiki/Java
[2025-07-02 15:14:29.748] [DEBUG] [WikiRacer::crawler:251] Skipped foreign host link: https://bg.wikipedia.org/wiki/Java
[2025-07-02 15:14:29.748] [DEBUG] [WikiRacer::crawler:251] Skipped foreign host link: https://bs.wikipedia.org/wiki/Java_(programski_jezik)
[2025-07-02 15:14:29.748] [DEBUG] [WikiRacer::crawler:251] Skipped foreign host link: https://ca.wikipedia.org/wiki/Java_(llenguatge_de_programaci%C3%B3)
[2025-07-02 15:14:29.748] [DEBUG] [WikiRacer::crawler:251] Skipped foreign host link: https://cv.wikipedia.org/wiki/Java_(%D0%BA%D0%BE%D0%BC%D0%BF%D1%8C%D1%8E%D1%82%D0%B5%D1%80_%D1%87%C4%95%D0%BB%D1%85%D0%B8)
[2025-07-02 15:14:29.748] [DEBUG] [WikiRacer::crawler:251] Skipped foreign host link: https://cs.wikipedia.org/wiki/Java_(programovac%C3%AD_jazyk)
[2025-07-02 15:14:29.748] [DEBUG] [WikiRacer::crawler:251] Skipped foreign host link: https://co.wikipedia.org/wiki/Java
[2025-07-02 15:14:29.748] [DEBUG] [WikiRacer::crawler:251] Skipped foreign host link: https://cy.wikipedia.org/wiki/Java_(iaith_raglennu)
[2025-07-02 15:14:29.748] [DEBUG] [WikiRacer::crawler:251] Skipped foreign host link: https://da.wikipedia.org/wiki/Java_(programmeringssprog)
[2025-07-02 15:14:29.748] [DEBUG] [WikiRacer::crawler:251] Skipped foreign host link: https://ary.wikipedia.org/wiki/%D8%AC%D8%A7%DA%A4%D8%A7
[2025-07-02 15:14:29.748] [DEBUG] [WikiRacer::crawler:251] Skipped foreign host link: https://de.wikipedia.org/wiki/Java_(Programmiersprache)
[2025-07-02 15:14:29.748] [DEBUG] [WikiRacer::crawler:251] Skipped foreign host link: https://et.wikipedia.org/wiki/Java
[2025-07-02 15:14:29.748] [DEBUG] [WikiRacer::crawler:251] Skipped foreign host link: https://el.wikipedia.org/wiki/Java
[2025-07-02 15:14:29.748] [DEBUG] [WikiRacer::crawler:251] Skipped foreign host link: https://es.wikipedia.org/wiki/Java_(lenguaje_de_programaci%C3%B3n)
[2025-07-02 15:14:29.748] [DEBUG] [WikiRacer::crawler:251] Skipped foreign host link: https://eo.wikipedia.org/wiki/Java_(programlingvo)
[2025-07-02 15:14:29.748] [DEBUG] [WikiRacer::crawler:251] Skipped foreign host link: https://ext.wikipedia.org/wiki/Java
[2025-07-02 15:14:29.748] [DEBUG] [WikiRacer::crawler:251] Skipped foreign host link: https://eu.wikipedia.org/wiki/Java_(programazio-lengoaia)
[2025-07-02 15:14:29.748] [DEBUG] [WikiRacer::crawler:251] Skipped foreign host link: https://fa.wikipedia.org/wiki/%D8%AC%D8%A7%D9%88%D8%A7
[2025-07-02 15:14:29.748] [DEBUG] [WikiRacer::crawler:251] Skipped foreign host link: https://fr.wikipedia.org/wiki/Java_(langage)
[2025-07-02 15:14:29.748] [DEBUG] [WikiRacer::crawler:251] Skipped foreign host link: https://ga.wikipedia.org/wiki/Java
[2025-07-02 15:14:29.748] [DEBUG] [WikiRacer::crawler:251] Skipped foreign host link: https://gl.wikipedia.org/wiki/Java_(linguaxe_de_programaci%C3%B3n)
[2025-07-02 15:14:29.748] [DEBUG] [WikiRacer::crawler:251] Skipped foreign host link: https://gu.wikipedia.org/wiki/%E0%AA%9C%E0%AA%BE%E0%AA%B5%E0%AA%BE_(%E0%AA%AA%E0%AB%8D%E0%AA%B0%E0%AB%8B%E0%AA%97%E0%AB%8D%E0%AA%B0%E0%AA%BE%E0%AA%AE%E0%AA%BF%E0%AA%82%E0%AA%97_%E0%AA%AD%E0%AA%BE%E0%AA%B7%E0%AA%BE)
[2025-07-02 15:14:29.748] [DEBUG] [WikiRacer::crawler:251] Skipped foreign host link: https://hak.wikipedia.org/wiki/Java
[2025-07-02 15:14:29.748] [DEBUG] [WikiRacer::crawler:251] Skipped foreign host link: https://ko.wikipedia.org/wiki/%EC%9E%90%EB%B0%94_(%ED%94%84%EB%A1%9C%EA%B7%B8%EB%9E%98%EB%B0%8D_%EC%96%B8%EC%96%B4)
[2025-07-02 15:14:29.748] [DEBUG] [WikiRacer::crawler:251] Skipped foreign host link: https://ha.wikipedia.org/wiki/Java_programming_language
[2025-07-02 15:14:29.748] [DEBUG] [WikiRacer::crawler:251] Skipped foreign host link: https://hy.wikipedia.org/wiki/%D5%8B%D5%A1%D5%BE%D5%A1
[2025-07-02 15:14:29.748] [DEBUG] [WikiRacer::crawler:251] Skipped foreign host link: https://hi.wikipedia.org/wiki/%E0%A4%9C%E0%A4%BE%E0%A4%B5%E0%A4%BE_(%E0%A4%AA%E0%A5%8D%E0%A4%B0%E0%A5%8B%E0%A4%97%E0%A5%8D%E0%A4%B0%E0%A4%BE%E0%A4%AE%E0%A4%BF%E0%A4%82%E0%A4%97_%E0%A4%AD%E0%A4%BE%E0%A4%B7%E0%A4%BE)
[2025-07-02 15:14:29.748] [DEBUG] [WikiRacer::crawler:251] Skipped foreign host link: https://hr.wikipedia.org/wiki/Java_(programski_jezik)
[2025-07-02 15:14:29.748] [DEBUG] [WikiRacer::crawler:251] Skipped foreign host link: https://io.wikipedia.org/wiki/Java_(programifo-linguo)
[2025-07-02 15:14:29.748] [DEBUG] [WikiRacer::crawler:251] Skipped foreign host link: https://id.wikipedia.org/wiki/Java
[2025-07-02 15:14:29.748] [DEBUG] [WikiRacer::crawler:251] Skipped foreign host link: https://ia.wikipedia.org/wiki/Java_(linguage_de_programmation)
[2025-07-02 15:14:29.748] [DEBUG] [WikiRacer::crawler:251] Skipped foreign host link: https://is.wikipedia.org/wiki/Java_(forritunarm%C3%A1l)
[2025-07-02 15:14:29.748] [DEBUG] [WikiRacer::crawler:251] Skipped foreign host link: https://it.wikipedia.org/wiki/Java_(linguaggio_di_programmazione)
[2025-07-02 15:14:29.748] [DEBUG] [WikiRacer::crawler:251] Skipped foreign host link: https://he.wikipedia.org/wiki/%D7%92%27%D7%90%D7%95%D7%95%D7%94_(%D7%A9%D7%A4%D7%AA_%D7%AA%D7%9B%D7%A0%D7%95%D7%AA)
[2025-07-02 15:14:29.748] [DEBUG] [WikiRacer::crawler:251] Skipped foreign host link: https://kn.wikipedia.org/wiki/%E0%B2%9C%E0%B2%BE%E0%B2%B5%E0%B2%BE
[2025-07-02 15:14:29.748] [DEBUG] [WikiRacer::crawler:251] Skipped foreign host link: https://ka.wikipedia.org/wiki/%E1%83%AF%E1%83%90%E1%83%95%E1%83%90_(%E1%83%9E%E1%83%A0%E1%83%9D%E1%83%92%E1%83%A0%E1%83%90%E1%83%9B%E1%83%98%E1%83%A0%E1%83%94%E1%83%91%E1%83%98%E1%83%A1_%E1%83%94%E1%83%9C%E1%83%90)
[2025-07-02 15:14:29.748] [DEBUG] [WikiRacer::crawler:251] Skipped foreign host link: https://kk.wikipedia.org/wiki/Java_(%D0%B1%D0%B0%D2%93%D0%B4%D0%B0%D1%80%D0%BB%D0%B0%D0%BC%D0%B0%D0%BB%D0%B0%D1%83_%D1%82%D1%96%D0%BB%D1%96)
[2025-07-02 15:14:29.749] [DEBUG] [WikiRacer::crawler:251] Skipped foreign host link: https://sw.wikipedia.org/wiki/Java_(lugha_ya_programu)
[2025-07-02 15:14:29.749] [DEBUG] [WikiRacer::crawler:251] Skipped foreign host link: https://ht.wikipedia.org/wiki/Java_(enf%C3%B2matik)
[2025-07-02 15:14:29.749] [DEBUG] [WikiRacer::crawler:251] Skipped foreign host link: https://ku.wikipedia.org/wiki/Java_(ziman%C3%AA_bernamesaziy%C3%AA)
[2025-07-02 15:14:29.749] [DEBUG] [WikiRacer::crawler:251] Skipped foreign host link: https://ky.wikipedia.org/wiki/Java
[2025-07-02 15:14:29.749] [DEBUG] [WikiRacer::crawler:251] Skipped foreign host link: https://lo.wikipedia.org/wiki/%E0%BA%9E%E0%BA%B2%E0%BA%AA%E0%BA%B2%E0%BA%88%E0%BA%B2%E0%BA%A7%E0%BA%B2
[2025-07-02 15:14:29.749] [DEBUG] [WikiRacer::crawler:251] Skipped foreign host link: https://la.wikipedia.org/wiki/Java_(lingua_programmationis)
[2025-07-02 15:14:29.749] [DEBUG] [WikiRacer::crawler:251] Skipped foreign host link: https://lv.wikipedia.org/wiki/Java_(programm%C4%93%C5%A1anas_valoda)
[2025-07-02 15:14:29.749] [DEBUG] [WikiRacer::crawler:251] Skipped foreign host link: https://lt.wikipedia.org/wiki/Java_(programavimo_kalba)
[2025-07-02 15:14:29.749] [DEBUG] [WikiRacer::crawler:251] Skipped foreign host link: https://lij.wikipedia.org/wiki/Java_(lenguazzo)
[2025-07-02 15:14:29.749] [DEBUG] [WikiRacer::crawler:251] Skipped foreign host link: https://lmo.wikipedia.org/wiki/Java
[2025-07-02 15:14:29.749] [DEBUG] [WikiRacer::crawler:251] Skipped foreign host link: https://hu.wikipedia.org/wiki/Java_(programoz%C3%A1si_nyelv)
[2025-07-02 15:14:29.749] [DEBUG] [WikiRacer::crawler:251] Skipped foreign host link: https://mk.wikipedia.org/wiki/Java_(%D0%BF%D1%80%D0%BE%D0%B3%D1%80%D0%B0%D0%BC%D1%81%D0%BA%D0%B8_%D1%98%D0%B0%D0%B7%D0%B8%D0%BA)
[2025-07-02 15:14:29.749] [DEBUG] [WikiRacer::crawler:251] Skipped foreign host link: https://ml.wikipedia.org/wiki/%E0%B4%9C%E0%B4%BE%E0%B4%B5_(%E0%B4%AA%E0%B5%8D%E0%B4%B0%E0%B5%8B%E0%B4%97%E0%B5%8D%E0%B4%B0%E0%B4%BE%E0%B4%AE%E0%B4%BF%E0%B4%99%E0%B5%8D_%E0%B4%AD%E0%B4%BE%E0%B4%B7)
[2025-07-02 15:14:29.749] [DEBUG] [WikiRacer::crawler:251] Skipped foreign host link: https://mr.wikipedia.org/wiki/%E0%A4%9C%E0%A4%BE%E0%A4%B5%E0%A4%BE_(%E0%A4%86%E0%A4%9C%E0%A5%8D%E0%A4%9E%E0%A4%BE%E0%A4%B5%E0%A4%B2%E0%A5%80_%E0%A4%AD%E0%A4%BE%E0%A4%B7%E0%A4%BE)
[2025-07-02 15:14:29.749] [DEBUG] [WikiRacer::crawler:251] Skipped foreign host link: https://arz.wikipedia.org/wiki/%D8%AC%D8%A7%D9%81%D8%A7_(%D9%84%D8%BA%D8%A9_%D8%A8%D8%B1%D9%85%D8%AC%D9%87)
[2025-07-02 15:14:29.749] [DEBUG] [WikiRacer::crawler:251] Skipped foreign host link: https://ms.wikipedia.org/wiki/Java
[2025-07-02 15:14:29.749] [DEBUG] [WikiRacer::crawler:251] Skipped foreign host link: https://min.wikipedia.org/wiki/Java
[2025-07-02 15:14:29.749] [DEBUG] [WikiRacer::crawler:251] Skipped foreign host link: https://cdo.wikipedia.org/wiki/Java
[2025-07-02 15:14:29.749] [DEBUG] [WikiRacer::crawler:251] Skipped foreign host link: https://mn.wikipedia.org/wiki/Java
[2025-07-02 15:14:29.749] [DEBUG] [WikiRacer::crawler:251] Skipped foreign host link: https://my.wikipedia.org/wiki/%E1%80%82%E1%80%BB%E1%80%AC%E1%80%97%E1%80%AC%E1%80%B8_(%E1%80%95%E1%80%9B%E1%80%AD%E1%80%AF%E1%80%82%E1%80%9B%E1%80%99%E1%80%BA%E1%80%99%E1%80%84%E1%80%BA%E1%80%B8%E1%80%98%E1%80%AC%E1%80%9E%E1%80%AC%E1%80%85%E1%80%80%E1%80%AC%E1%80%B8)
[2025-07-02 15:14:29.749] [DEBUG] [WikiRacer::crawler:251] Skipped foreign host link: https://fj.wikipedia.org/wiki/Java
[2025-07-02 15:14:29.749] [DEBUG] [WikiRacer::crawler:251] Skipped foreign host link: https://nl.wikipedia.org/wiki/Java_(programmeertaal)
[2025-07-02 15:14:29.749] [DEBUG] [WikiRacer::crawler:251] Skipped foreign host link: https://ne.wikipedia.org/wiki/%E0%A4%9C%E0%A4%BE%E0%A4%AD%E0%A4%BE
[2025-07-02 15:14:29.749] [DEBUG] [WikiRacer::crawler:251] Skipped foreign host link: https://ja.wikipedia.org/wiki/Java
[2025-07-02 15:14:29.749] [DEBUG] [WikiRacer::crawler:251] Skipped foreign host link: https://no.wikipedia.org/wiki/Java_(programmeringsspr%C3%A5k)
[2025-07-02 15:14:29.749] [DEBUG] [WikiRacer::crawler:251] Skipped foreign host link: https://nn.wikipedia.org/wiki/Programmeringsspr%C3%A5ket_Java
[2025-07-02 15:14:29.749] [DEBUG] [WikiRacer::crawler:251] Skipped foreign host link: https://oc.wikipedia.org/wiki/Java_(lengatge)
[2025-07-02 15:14:29.749] [DEBUG] [WikiRacer::crawler:251] Skipped foreign host link: https://or.wikipedia.org/wiki/%E0%AC%9C%E0%AC%BE%E0%AC%AD%E0%AC%BE_(%E0%AC%AA%E0%AD%8D%E0%AC%B0%E0%AD%8B%E0%AC%97%E0%AD%8D%E0%AC%B0%E0%AC%BE%E0%AC%AE%E0%AC%BF%E0%AC%82_%E0%AC%AD%E0%AC%BE%E0%AC%B7%E0%AC%BE)
[2025-07-02 15:14:29.749] [DEBUG] [WikiRacer::crawler:251] Skipped foreign host link: https://uz.wikipedia.org/wiki/Java
[2025-07-02 15:14:29.749] [DEBUG] [WikiRacer::crawler:251] Skipped foreign host link: https://pa.wikipedia.org/wiki/%E0%A8%9C%E0%A8%BE%E0%A8%B5%E0%A8%BE_(%E0%A8%AA%E0%A9%8D%E0%A8%B0%E0%A9%8B%E0%A8%97%E0%A8%B0%E0%A8%BE%E0%A8%AE%E0%A8%BF%E0%A9%B0%E0%A8%97_%E0%A8%AD%E0%A8%BE%E0%A8%B8%E0%A8%BC%E0%A8%BE)
[2025-07-02 15:14:29.749] [DEBUG] [WikiRacer::crawler:251] Skipped foreign host link: https://pnb.wikipedia.org/wiki/%D8%AC%D8%A7%D9%88%D8%A7_(%D9%BE%D8%B1%D9%88%DA%AF%D8%B1%D8%A7%D9%85%D9%86%DA%AF_%D8%B2%D8%A8%D8%A7%D9%86)
[2025-07-02 15:14:29.749] [DEBUG] [WikiRacer::crawler:251] Skipped foreign host link: https://pms.wikipedia.org/wiki/Java_(lengagi_%C3%ABd_programassion)
[2025-07-02 15:14:29.749] [DEBUG] [WikiRacer::crawler:251] Skipped foreign host link: https://pl.wikipedia.org/wiki/Java
[2025-07-02 15:14:29.749] [DEBUG] [WikiRacer::crawler:251] Skipped foreign host link: https://pt.wikipedia.org/wiki/Java_(linguagem_de_programa%C3%A7%C3%A3o)
[2025-07-02 15:14:29.749] [DEBUG] [WikiRacer::crawler:251] Skipped foreign host link: https://kaa.wikipedia.org/wiki/Java_(programmalast%C4%B1r%C4%B1w_tili)
[2025-07-02 15:14:29.749] [DEBUG] [WikiRacer::crawler:251] Skipped foreign host link: https://ro.wikipedia.org/wiki/Java_(limbaj_de_programare)
[2025-07-02 15:14:29.749] [DEBUG] [WikiRacer::crawler:251] Skipped foreign host link: https://qu.wikipedia.org/wiki/Java_(wakichiy_simi)
[2025-07-02 15:14:29.749] [DEBUG] [WikiRacer::crawler:251] Skipped foreign host link: https://ru.wikipedia.org/wiki/Java
[2025-07-02 15:14:29.749] [DEBUG] [WikiRacer::crawler:251] Skipped foreign host link: https://sah.wikipedia.org/wiki/Java
[2025-07-02 15:14:29.749] [DEBUG] [WikiRacer::crawler:251] Skipped foreign host link: https://sa.wikipedia.org/wiki/%E0%A4%9C%E0%A4%BE%E0%A4%B5%E0%A4%BE
[2025-07-02 15:14:29.749] [DEBUG] [WikiRacer::crawler:251] Skipped foreign host link: https://sq.wikipedia.org/wiki/Java_(gjuh%C3%AB_programimi)
[2025-07-02 15:14:29.749] [DEBUG] [WikiRacer::crawler:251] Skipped foreign host link: https://si.wikipedia.org/wiki/%E0%B6%A2%E0%B7%8F%E0%B7%80%E0%B7%8F_(%E0%B6%9A%E0%B7%8A%E2%80%8D%E0%B6%BB%E0%B6%B8%E0%B6%BD%E0%B7%9A%E0%B6%9B%E0%B6%B1_%E0%B6%B7%E0%B7%8F%E0%B7%82%E0%B7%8F%E0%B7%80)
[2025-07-02 15:14:29.749] [DEBUG] [WikiRacer::crawler:251] Skipped foreign host link: https://simple.wikipedia.org/wiki/Java_(programming_language)
[2025-07-02 15:14:29.749] [DEBUG] [WikiRacer::crawler:251] Skipped foreign host link: https://sd.wikipedia.org/wiki/%D8%AC%D8%A7%D9%88%D8%A7_(%D9%BE%D8%B1%D9%88%DA%AF%D8%B1%D8%A7%D9%85%D9%86%DA%AF_%D8%AC%D9%8A_%D9%BB%D9%88%D9%84%D9%8A)
[2025-07-02 15:14:29.749] [DEBUG] [WikiRacer::crawler:251] Skipped foreign host link: https://sk.wikipedia.org/wiki/Java_(programovac%C3%AD_jazyk)
[2025-07-02 15:14:29.749] [DEBUG] [WikiRacer::crawler:251] Skipped foreign host link: https://sl.wikipedia.org/wiki/Java_(programski_jezik)
[2025-07-02 15:14:29.749] [DEBUG] [WikiRacer::crawler:251] Skipped foreign host link: https://so.wikipedia.org/wiki/Java_(luuqada_borograaminta)
[2025-07-02 15:14:29.749] [DEBUG] [WikiRacer::crawler:251] Skipped foreign host link: https://ckb.wikipedia.org/wiki/%D8%AC%D8%A7%DA%A4%D8%A7_(%D8%B2%D9%85%D8%A7%D9%86%DB%8C_%D8%A8%DB%95%D8%B1%D9%86%D8%A7%D9%85%DB%95%D8%B3%D8%A7%D8%B2%DB%8C)
[2025-07-02 15:14:29.749] [DEBUG] [WikiRacer::crawler:251] Skipped foreign host link: https://sr.wikipedia.org/wiki/Java_(%D0%BF%D1%80%D0%BE%D0%B3%D1%80%D0%B0%D0%BC%D1%81%D0%BA%D0%B8_%D1%98%D0%B5%D0%B7%D0%B8%D0%BA)
[2025-07-02 15:14:29.749] [DEBUG] [WikiRacer::crawler:251] Skipped foreign host link: https://sh.wikipedia.org/wiki/Java_(programski_jezik)
[2025-07-02 15:14:29.749] [DEBUG] [WikiRacer::crawler:251] Skipped foreign host link: https://fi.wikipedia.org/wiki/Java
[2025-07-02 15:14:29.749] [DEBUG] [WikiRacer::crawler:251] Skipped foreign host link: https://sv.wikipedia.org/wiki/Java_(programspr%C3%A5k)
[2025-07-02 15:14:29.749] [DEBUG] [WikiRacer::crawler:251] Skipped foreign host link: https://tl.wikipedia.org/wiki/Java_(wikang_pamprograma)
[2025-07-02 15:14:29.749] [DEBUG] [WikiRacer::crawler:251] Skipped foreign host link: https://ta.wikipedia.org/wiki/%E0%AE%9C%E0%AE%BE%E0%AE%B5%E0%AE%BE_(%E0%AE%A8%E0%AE%BF%E0%AE%B0%E0%AE%B2%E0%AE%BE%E0%AE%95%E0%AF%8D%E0%AE%95_%E0%AE%AE%E0%AF%8A%E0%AE%B4%E0%AE%BF)
[2025-07-02 15:14:29.749] [DEBUG] [WikiRacer::crawler:251] Skipped foreign host link: https://kab.wikipedia.org/wiki/Java_(tutlayt)
[2025-07-02 15:14:29.749] [DEBUG] [WikiRacer::crawler:251] Skipped foreign host link: https://tt.wikipedia.org/wiki/Java
[2025-07-02 15:14:29.749] [DEBUG] [WikiRacer::crawler:251] Skipped foreign host link: https://te.wikipedia.org/wiki/%E0%B0%9C%E0%B0%BE%E0%B0%B5%E0%B0%BE
[2025-07-02 15:14:29.749] [DEBUG] [WikiRacer::crawler:251] Skipped foreign host link: https://th.wikipedia.org/wiki/%E0%B8%A0%E0%B8%B2%E0%B8%A9%E0%B8%B2%E0%B8%88%E0%B8%B2%E0%B8%A7%E0%B8%B2
[2025-07-02 15:14:29.749] [DEBUG] [WikiRacer::crawler:251] Skipped foreign host link: https://tg.wikipedia.org/wiki/Java
[2025-07-02 15:14:29.749] [DEBUG] [WikiRacer::crawler:251] Skipped foreign host link: https://tr.wikipedia.org/wiki/Java
[2025-07-02 15:14:29.749] [DEBUG] [WikiRacer::crawler:251] Skipped foreign host link: https://bug.wikipedia.org/wiki/Java
[2025-07-02 15:14:29.749] [DEBUG] [WikiRacer::crawler:251] Skipped foreign host link: https://uk.wikipedia.org/wiki/Java
[2025-07-02 15:14:29.749] [DEBUG] [WikiRacer::crawler:251] Skipped foreign host link: https://ur.wikipedia.org/wiki/%D8%AC%D8%A7%D9%88%D8%A7_(%D9%BE%D8%B1%D9%88%DA%AF%D8%B1%D8%A7%D9%85%D9%86%DA%AF_%D8%B2%D8%A8%D8%A7%D9%86)
[2025-07-02 15:14:29.749] [DEBUG] [WikiRacer::crawler:251] Skipped foreign host link: https://vec.wikipedia.org/wiki/Java_(lenguajo_de_programasion)
[2025-07-02 15:14:29.749] [DEBUG] [WikiRacer::crawler:251] Skipped foreign host link: https://vi.wikipedia.org/wiki/Java_(ng%C3%B4n_ng%E1%BB%AF_l%E1%BA%ADp_tr%C3%ACnh)
[2025-07-02 15:14:29.749] [DEBUG] [WikiRacer::crawler:251] Skipped foreign host link: https://zh-classical.wikipedia.org/wiki/%E7%88%AA%E5%93%87%E7%A8%8B%E5%BC%8F%E8%AA%9E
[2025-07-02 15:14:29.749] [DEBUG] [WikiRacer::crawler:251] Skipped foreign host link: https://war.wikipedia.org/wiki/Java_(linggwahe_hin_pagprograma)
[2025-07-02 15:14:29.749] [DEBUG] [WikiRacer::crawler:251] Skipped foreign host link: https://wuu.wikipedia.org/wiki/Java
[2025-07-02 15:14:29.749] [DEBUG] [WikiRacer::crawler:251] Skipped foreign host link: https://zh-yue.wikipedia.org/wiki/Java_(%E7%A8%8B%E5%BC%8F%E8%AA%9E%E8%A8%80)
[2025-07-02 15:14:29.749] [DEBUG] [WikiRacer::crawler:251] Skipped foreign host link: https://bat-smg.wikipedia.org/wiki/Java
[2025-07-02 15:14:29.749] [DEBUG] [WikiRacer::crawler:251] Skipped foreign host link: https://zh.wikipedia.org/wiki/Java
[2025-07-02 15:14:29.749] [DEBUG] [WikiRacer::crawler:251] Skipped foreign host link: https://www.wikidata.org/wiki/Special:EntityPage/Q251
[2025-07-02 15:14:29.749] [DEBUG] [WikiRacer::crawler:251] Skipped foreign host link: https://commons.wikimedia.org/wiki/Category:Java_(programming_language)
[2025-07-02 15:14:29.749] [DEBUG] [WikiRacer::crawler:251] Skipped foreign host link: https://en.wikibooks.org/wiki/Java_Programming
[2025-07-02 15:14:29.749] [DEBUG] [WikiRacer::crawler:251] Skipped foreign host link: https://en.wikiquote.org/wiki/Java_(programming_language)
[2025-07-02 15:14:29.749] [DEBUG] [WikiRacer::crawler:251] Skipped foreign host link: https://en.wikiversity.org/wiki/Portal:Java
[2025-07-02 15:14:29.749] [DEBUG] [WikiRacer::crawler:251] Skipped foreign host link: https://www.wikidata.org/wiki/Special:EntityPage/Q251
[2025-07-02 15:14:29.749] [DEBUG] [WikiRacer::crawler:251] Skipped foreign host link: https://www.wikidata.org/wiki/Q251?uselang=en
[2025-07-02 15:14:29.749] [DEBUG] [WikiRacer::crawler:251] Skipped foreign host link: http://oracle.com/java
[2025-07-02 15:14:29.749] [DEBUG] [WikiRacer::crawler:251] Skipped foreign host link: http://java.com/
[2025-07-02 15:14:29.749] [DEBUG] [WikiRacer::crawler:251] Skipped foreign host link: http://dev.java/
[2025-07-02 15:14:29.750] [DEBUG] [WikiRacer::crawler:251] Skipped foreign host link: https://en.wikibooks.org/wiki/Java_Programming
[2025-07-02 15:14:29.750] [DEBUG] [WikiRacer::crawler:251] Skipped foreign host link: https://docs.oracle.com/javase/8/docs/technotes/guides/vm/gctuning/parallel.html
[2025-07-02 15:14:29.750] [DEBUG] [WikiRacer::crawler:251] Skipped foreign host link: https://www.google.com/search?as_eq=wikipedia&q=%22Java%22+programming+language
[2025-07-02 15:14:29.750] [DEBUG] [WikiRacer::crawler:251] Skipped foreign host link: https://www.google.com/search?tbm=nws&q=%22Java%22+programming+language+-wikipedia&tbs=ar:1
[2025-07-02 15:14:29.750] [DEBUG] [WikiRacer::crawler:251] Skipped foreign host link: https://www.google.com/search?&q=%22Java%22+programming+language&tbs=bkt:s&tbm=bks
[2025-07-02 15:14:29.750] [DEBUG] [WikiRacer::crawler:251] Skipped foreign host link: https://www.google.com/search?tbs=bks:1&q=%22Java%22+programming+language+-wikipedia
[2025-07-02 15:14:29.750] [DEBUG] [WikiRacer::crawler:251] Skipped foreign host link: https://scholar.google.com/scholar?q=%22Java%22+programming+language
[2025-07-02 15:14:29.750] [DEBUG] [WikiRacer::crawler:251] Skipped foreign host link: https://www.jstor.org/action/doBasicSearch?Query=%22Java%22+programming+language&acc=on&wc=on
[2025-07-02 15:14:29.751] [DEBUG] [WikiRacer::crawler:251] Skipped foreign host link: https://www.google.com/search?as_eq=wikipedia&q=%22Java%22+programming+language
[2025-07-02 15:14:29.751] [DEBUG] [WikiRacer::crawler:251] Skipped foreign host link: https://www.google.com/search?tbm=nws&q=%22Java%22+programming+language+-wikipedia&tbs=ar:1
[2025-07-02 15:14:29.751] [DEBUG] [WikiRacer::crawler:251] Skipped foreign host link: https://www.google.com/search?&q=%22Java%22+programming+language&tbs=bkt:s&tbm=bks
[2025-07-02 15:14:29.751] [DEBUG] [WikiRacer::crawler:251] Skipped foreign host link: https://www.google.com/search?tbs=bks:1&q=%22Java%22+programming+language+-wikipedia
[2025-07-02 15:14:29.751] [DEBUG] [WikiRacer::crawler:251] Skipped foreign host link: https://scholar.google.com/scholar?q=%22Java%22+programming+language
[2025-07-02 15:14:29.751] [DEBUG] [WikiRacer::crawler:251] Skipped foreign host link: https://www.jstor.org/action/doBasicSearch?Query=%22Java%22+programming+language&acc=on&wc=on
[2025-07-02 15:14:29.751] [DEBUG] [WikiRacer::crawler:251] Skipped foreign host link: https://www.forbes.com/sites/oracle/2015/05/20/javas-20-years-of-innovation
[2025-07-02 15:14:29.751] [DEBUG] [WikiRacer::crawler:251] Skipped foreign host link: https://web.archive.org/web/20160314102242/http://www.forbes.com/sites/oracle/2015/05/20/javas-20-years-of-innovation
[2025-07-02 15:14:29.751] [DEBUG] [WikiRacer::crawler:251] Skipped foreign host link: https://www.oracle.com/news/announcement/oracle-releases-java-24-2025-03-18
[2025-07-02 15:14:29.751] [DEBUG] [WikiRacer::crawler:251] Skipped foreign host link: https://openjdk.org/projects/jdk/24
[2025-07-02 15:14:29.751] [DEBUG] [WikiRacer::crawler:251] Skipped foreign host link: https://books.google.com/books?id=0rUtBAAAQBAJ&pg=PAPA133
[2025-07-02 15:14:29.751] [DEBUG] [WikiRacer::crawler:251] Skipped foreign host link: https://web.archive.org/web/20230929040943/https://books.google.com/books?id=0rUtBAAAQBAJ&pg=PAPA133
[2025-07-02 15:14:29.751] [DEBUG] [WikiRacer::crawler:251] Skipped foreign host link: http://www.barrycornelius.com/papers/java5
[2025-07-02 15:14:29.751] [DEBUG] [WikiRacer::crawler:251] Skipped foreign host link: https://web.archive.org/web/20110319065438/http://www.barrycornelius.com/papers/java5
[2025-07-02 15:14:29.751] [DEBUG] [WikiRacer::crawler:251] Skipped foreign host link: http://www.levenez.com/lang
[2025-07-02 15:14:29.751] [DEBUG] [WikiRacer::crawler:251] Skipped foreign host link: https://web.archive.org/web/20060107162045/http://www.levenez.com/lang
[2025-07-02 15:14:29.751] [DEBUG] [WikiRacer::crawler:251] Skipped foreign host link: https://www.oracle.com/technetwork/java/langenv-140151.html
[2025-07-02 15:14:29.751] [DEBUG] [WikiRacer::crawler:251] Skipped foreign host link: https://web.archive.org/web/20140506214653/http://www.oracle.com/technetwork/java/langenv-140151.html
[2025-07-02 15:14:29.751] [DEBUG] [WikiRacer::crawler:251] Skipped foreign host link: https://java.sun.com/docs/books/jls/second_edition/html/intro.doc.html
[2025-07-02 15:14:29.751] [DEBUG] [WikiRacer::crawler:251] Skipped foreign host link: https://web.archive.org/web/20110805051057/http://java.sun.com/docs/books/jls/second_edition/html/intro.doc.html
[2025-07-02 15:14:29.751] [DEBUG] [WikiRacer::crawler:251] Skipped foreign host link: https://web.archive.org/web/20090105145818/http://www.computerworld.com.au/index.php/id%3B1422447371%3Bpp%3B3%3Bfp%3B4194304%3Bfpid%3B1
[2025-07-02 15:14:29.751] [DEBUG] [WikiRacer::crawler:251] Skipped foreign host link: http://www.computerworld.com.au/index.php/id;1422447371;pp;3;fp;4194304;fpid;1
[2025-07-02 15:14:29.751] [DEBUG] [WikiRacer::crawler:251] Skipped foreign host link: http://www.delphikingdom.com/asp/viewitem.asp?catalogid=1155
[2025-07-02 15:14:29.751] [DEBUG] [WikiRacer::crawler:251] Skipped foreign host link: https://web.archive.org/web/20201201054813/http://www.delphikingdom.com/asp/viewitem.asp?catalogid=1155
[2025-07-02 15:14:29.751] [DEBUG] [WikiRacer::crawler:251] Skipped foreign host link: http://cs.gmu.edu/~sean/stuff/java-objc.html
[2025-07-02 15:14:29.751] [DEBUG] [WikiRacer::crawler:251] Skipped foreign host link: https://web.archive.org/web/20110713014816/http://cs.gmu.edu/~sean/stuff/java-objc.html
[2025-07-02 15:14:29.751] [DEBUG] [WikiRacer::crawler:251] Skipped foreign host link: https://web.archive.org/web/20101229090912/http://www.fscript.org/prof/javapassport.pdf
[2025-07-02 15:14:29.751] [DEBUG] [WikiRacer::crawler:251] Skipped foreign host link: http://www.fscript.org/prof/javapassport.pdf
[2025-07-02 15:14:29.751] [DEBUG] [WikiRacer::crawler:251] Skipped foreign host link: http://queue.acm.org/detail.cfm?id=1017013
[2025-07-02 15:14:29.751] [DEBUG] [WikiRacer::crawler:251] Skipped foreign host link: https://web.archive.org/web/20150716194245/http://queue.acm.org/detail.cfm?id=1017013
[2025-07-02 15:14:29.751] [DEBUG] [WikiRacer::crawler:251] Skipped foreign host link: https://web.archive.org/web/20120627043929/http://java.sun.com/docs/white/delegates.html
[2025-07-02 15:14:29.751] [DEBUG] [WikiRacer::crawler:251] Skipped foreign host link: http://java.sun.com/docs/white/delegates.html
[2025-07-02 15:14:29.751] [DEBUG] [WikiRacer::crawler:251] Skipped foreign host link: http://chapel.cray.com/spec/spec-0.98.pdf
[2025-07-02 15:14:29.751] [DEBUG] [WikiRacer::crawler:251] Skipped foreign host link: https://web.archive.org/web/20160205114946/http://chapel.cray.com/spec/spec-0.98.pdf
[2025-07-02 15:14:29.751] [DEBUG] [WikiRacer::crawler:251] Skipped foreign host link: http://gambaswiki.org/wiki/doc/intro?nh&l=en
[2025-07-02 15:14:29.751] [DEBUG] [WikiRacer::crawler:251] Skipped foreign host link: https://web.archive.org/web/20171009041815/http://gambaswiki.org/wiki/doc/intro?nh&l=en
[2025-07-02 15:14:29.751] [DEBUG] [WikiRacer::crawler:251] Skipped foreign host link: http://www.infoworld.com/article/2610885/facebook-q-a--hack-brings-static-typing-to-php-world.html
[2025-07-02 15:14:29.751] [DEBUG] [WikiRacer::crawler:251] Skipped foreign host link: https://web.archive.org/web/20150213220946/http://www.infoworld.com/article/2610885/facebook-q-a--hack-brings-static-typing-to-php-world.html
[2025-07-02 15:14:29.751] [DEBUG] [WikiRacer::crawler:251] Skipped foreign host link: http://www.computerweekly.com/Articles/2002/05/02/186793/write-once-run-anywhere.htm
[2025-07-02 15:14:29.751] [DEBUG] [WikiRacer::crawler:251] Skipped foreign host link: https://web.archive.org/web/20210813193857/https://www.computerweekly.com/feature/Write-once-run-anywhere
[2025-07-02 15:14:29.751] [DEBUG] [WikiRacer::crawler:251] Skipped foreign host link: https://www.oracle.com/technetwork/java/intro-141325.html
[2025-07-02 15:14:29.751] [DEBUG] [WikiRacer::crawler:251] Skipped foreign host link: https://web.archive.org/web/20130123204103/http://www.oracle.com/technetwork/java/intro-141325.html
[2025-07-02 15:14:29.751] [DEBUG] [WikiRacer::crawler:251] Skipped foreign host link: https://github.com/readme/featured/java-programming-language
[2025-07-02 15:14:29.751] [DEBUG] [WikiRacer::crawler:251] Skipped foreign host link: https://web.archive.org/web/20230825195416/https://github.com/readme/featured/java-programming-language
[2025-07-02 15:14:29.751] [DEBUG] [WikiRacer::crawler:251] Skipped foreign host link: https://octoverse.github.com/2022/top-programming-languages
[2025-07-02 15:14:29.751] [DEBUG] [WikiRacer::crawler:251] Skipped foreign host link: https://web.archive.org/web/20230802203718/https://octoverse.github.com/2022/top-programming-languages
[2025-07-02 15:14:29.751] [DEBUG] [WikiRacer::crawler:251] Skipped foreign host link: https://www.wired.com/2013/01/java-no-longer-a-favorite
[2025-07-02 15:14:29.751] [DEBUG] [WikiRacer::crawler:251] Skipped foreign host link: https://web.archive.org/web/20170215115409/https://www.wired.com/2013/01/java-no-longer-a-favorite
[2025-07-02 15:14:29.751] [DEBUG] [WikiRacer::crawler:251] Skipped foreign host link: https://web.archive.org/web/20050420081440/http://java.sun.com/features/1998/05/birthday.html
[2025-07-02 15:14:29.751] [DEBUG] [WikiRacer::crawler:251] Skipped foreign host link: https://java.sun.com/features/1998/05/birthday.html
[2025-07-02 15:14:29.751] [DEBUG] [WikiRacer::crawler:251] Skipped foreign host link: https://web.archive.org/web/20100210225651/http://www.java.com/en/javahistory
[2025-07-02 15:14:29.751] [DEBUG] [WikiRacer::crawler:251] Skipped foreign host link: http://www.java.com/en/javahistory
[2025-07-02 15:14:29.751] [DEBUG] [WikiRacer::crawler:251] Skipped foreign host link: https://www.infoworld.com/article/2077265/so-why-did-they-decide-to-call-it-java-.html
[2025-07-02 15:14:29.751] [DEBUG] [WikiRacer::crawler:251] Skipped foreign host link: https://web.archive.org/web/20200713234202/https://www.infoworld.com/article/2077265/so-why-did-they-decide-to-call-it-java-.html
[2025-07-02 15:14:29.751] [DEBUG] [WikiRacer::crawler:251] Skipped foreign host link: http://www.artima.com/weblogs/viewpost.jsp?thread=7555
[2025-07-02 15:14:29.751] [DEBUG] [WikiRacer::crawler:251] Skipped foreign host link: https://web.archive.org/web/20070413072630/http://www.artima.com/weblogs/viewpost.jsp?thread=7555
[2025-07-02 15:14:29.751] [DEBUG] [WikiRacer::crawler:251] Skipped foreign host link: https://web.archive.org/web/20070310235103/http://www.sun.com/smi/Press/sunflash/1996-01/sunflash.960123.10561.xml
[2025-07-02 15:14:29.751] [DEBUG] [WikiRacer::crawler:251] Skipped foreign host link: http://www.sun.com/smi/Press/sunflash/1996-01/sunflash.960123.10561.xml
[2025-07-02 15:14:29.751] [DEBUG] [WikiRacer::crawler:251] Skipped foreign host link: https://books.google.com/books?id=rXGMFYXFDwMC
[2025-07-02 15:14:29.751] [DEBUG] [WikiRacer::crawler:251] Skipped foreign host link: http://www.open-std.org/JTC1/SC22/JSG
[2025-07-02 15:14:29.751] [DEBUG] [WikiRacer::crawler:251] Skipped foreign host link: https://web.archive.org/web/20060825082008/http://www.open-std.org/JTC1/SC22/JSG
[2025-07-02 15:14:29.751] [DEBUG] [WikiRacer::crawler:251] Skipped foreign host link: http://www.computer.org/csdl/proceedings/hicss/2001/0981/05/09815015.pdf
[2025-07-02 15:14:29.751] [DEBUG] [WikiRacer::crawler:251] Skipped foreign host link: https://web.archive.org/web/20140113101235/http://www.computer.org/csdl/proceedings/hicss/2001/0981/05/09815015.pdf
[2025-07-02 15:14:29.751] [DEBUG] [WikiRacer::crawler:251] Skipped foreign host link: https://www.zdnet.com/news/what-is-ecma-and-why-microsoft-cares/298821
[2025-07-02 15:14:29.752] [DEBUG] [WikiRacer::crawler:251] Skipped foreign host link: https://web.archive.org/web/20140506215226/http://www.zdnet.com/news/what-is-ecma-and-why-microsoft-cares/298821
[2025-07-02 15:14:29.752] [DEBUG] [WikiRacer::crawler:251] Skipped foreign host link: http://www.jcp.org/en/home/index
[2025-07-02 15:14:29.752] [DEBUG] [WikiRacer::crawler:251] Skipped foreign host link: https://web.archive.org/web/20060808070528/http://www.jcp.org/en/home/index
[2025-07-02 15:14:29.752] [DEBUG] [WikiRacer::crawler:251] Skipped foreign host link: https://web.archive.org/web/20140527220942/http://grnlight.net/index.php/programming-articles/115-javaone-sun-the-bulk-of-java-is-open-sourced
[2025-07-02 15:14:29.752] [DEBUG] [WikiRacer::crawler:251] Skipped foreign host link: http://onjava.com/pub/a/onjava/2002/04/17/evangelism.html
[2025-07-02 15:14:29.752] [DEBUG] [WikiRacer::crawler:251] Skipped foreign host link: https://web.archive.org/web/20100915162748/http://onjava.com/pub/a/onjava/2002/04/17/evangelism.html
[2025-07-02 15:14:29.752] [DEBUG] [WikiRacer::crawler:251] Skipped foreign host link: https://web.archive.org/web/20100131091008/http://www.oracle.com/us/technologies/java
[2025-07-02 15:14:29.752] [DEBUG] [WikiRacer::crawler:251] Skipped foreign host link: https://www.oracle.com/us/technologies/java
[2025-07-02 15:14:29.752] [DEBUG] [WikiRacer::crawler:251] Skipped foreign host link: https://web.archive.org/web/20101105031239/http://nighthacks.com/roller/jag/entry/time_to_move_on
[2025-07-02 15:14:29.752] [DEBUG] [WikiRacer::crawler:251] Skipped foreign host link: http://nighthacks.com/roller/jag/entry/time_to_move_on
[2025-07-02 15:14:29.752] [DEBUG] [WikiRacer::crawler:251] Skipped foreign host link: https://blogs.oracle.com/java-platform-group/entry/moving_to_a_plugin_free
[2025-07-02 15:14:29.752] [DEBUG] [WikiRacer::crawler:251] Skipped foreign host link: https://web.archive.org/web/20160316164325/https://blogs.oracle.com/java-platform-group/entry/moving_to_a_plugin_free
[2025-07-02 15:14:29.752] [DEBUG] [WikiRacer::crawler:251] Skipped foreign host link: http://www.java.com/en/about
[2025-07-02 15:14:29.752] [DEBUG] [WikiRacer::crawler:251] Skipped foreign host link: https://web.archive.org/web/20111124090716/http://www.java.com/en/about
[2025-07-02 15:14:29.752] [DEBUG] [WikiRacer::crawler:251] Skipped foreign host link: https://www.java.com/en/download/faq/remove_olderversions.xml
[2025-07-02 15:14:29.752] [DEBUG] [WikiRacer::crawler:251] Skipped foreign host link: https://web.archive.org/web/20180212011608/https://java.com/en/download/faq/remove_olderversions.xml
[2025-07-02 15:14:29.752] [DEBUG] [WikiRacer::crawler:251] Skipped foreign host link: https://www.oracle.com/java/technologies/java-se-support-roadmap.html
[2025-07-02 15:14:29.752] [DEBUG] [WikiRacer::crawler:251] Skipped foreign host link: https://web.archive.org/web/20210919090451/https://www.oracle.com/java/technologies/java-se-support-roadmap.html
[2025-07-02 15:14:29.752] [DEBUG] [WikiRacer::crawler:251] Skipped foreign host link: https://adoptium.net/support
[2025-07-02 15:14:29.752] [DEBUG] [WikiRacer::crawler:251] Skipped foreign host link: https://web.archive.org/web/20240329061257/https://adoptium.net/support
[2025-07-02 15:14:29.752] [DEBUG] [WikiRacer::crawler:251] Skipped foreign host link: https://web.archive.org/web/20070310235103/http://www.sun.com/smi/Press/sunflash/1996-01/sunflash.960123.10561.xml
[2025-07-02 15:14:29.752] [DEBUG] [WikiRacer::crawler:251] Skipped foreign host link: http://www.sun.com/smi/Press/sunflash/1996-01/sunflash.960123.10561.xml
[2025-07-02 15:14:29.752] [DEBUG] [WikiRacer::crawler:251] Skipped foreign host link: https://blogs.oracle.com/java-platform-group/introducing-java-se-11
[2025-07-02 15:14:29.752] [DEBUG] [WikiRacer::crawler:251] Skipped foreign host link: https://web.archive.org/web/20180926093144/https://blogs.oracle.com/java-platform-group/introducing-java-se-11
[2025-07-02 15:14:29.752] [DEBUG] [WikiRacer::crawler:251] Skipped foreign host link: https://blogs.oracle.com/java-platform-group/the-arrival-of-java-15
[2025-07-02 15:14:29.752] [DEBUG] [WikiRacer::crawler:251] Skipped foreign host link: https://web.archive.org/web/20200916092332/https://blogs.oracle.com/java-platform-group/the-arrival-of-java-15
[2025-07-02 15:14:29.752] [DEBUG] [WikiRacer::crawler:251] Skipped foreign host link: https://openjdk.org/projects/jdk/21
[2025-07-02 15:14:29.752] [DEBUG] [WikiRacer::crawler:251] Skipped foreign host link: https://web.archive.org/web/20230920173515/https://openjdk.org/projects/jdk/21
[2025-07-02 15:14:29.752] [DEBUG] [WikiRacer::crawler:251] Skipped foreign host link: https://openjdk.org/projects/jdk/24
[2025-07-02 15:14:29.752] [DEBUG] [WikiRacer::crawler:251] Skipped foreign host link: https://www.oracle.com/technetwork/java/embedded/javacard/overview
[2025-07-02 15:14:29.752] [DEBUG] [WikiRacer::crawler:251] Skipped foreign host link: https://web.archive.org/web/20150107034738/http://www.oracle.com/technetwork/java/embedded/javacard/overview
[2025-07-02 15:14:29.752] [DEBUG] [WikiRacer::crawler:251] Skipped foreign host link: https://www.oracle.com/technetwork/java/embedded/javame
[2025-07-02 15:14:29.752] [DEBUG] [WikiRacer::crawler:251] Skipped foreign host link: https://web.archive.org/web/20150104210546/http://www.oracle.com/technetwork/java/embedded/javame
[2025-07-02 15:14:29.752] [DEBUG] [WikiRacer::crawler:251] Skipped foreign host link: https://www.oracle.com/technetwork/java/javase/overview
[2025-07-02 15:14:29.752] [DEBUG] [WikiRacer::crawler:251] Skipped foreign host link: https://web.archive.org/web/20141224184532/http://www.oracle.com/technetwork/java/javase/overview
[2025-07-02 15:14:29.752] [DEBUG] [WikiRacer::crawler:251] Skipped foreign host link: https://www.oracle.com/technetwork/java/javaee/overview
[2025-07-02 15:14:29.752] [DEBUG] [WikiRacer::crawler:251] Skipped foreign host link: https://web.archive.org/web/20141217155326/http://www.oracle.com/technetwork/java/javaee/overview
[2025-07-02 15:14:29.752] [DEBUG] [WikiRacer::crawler:251] Skipped foreign host link: https://www.baeldung.com/graal-java-jit-compiler
[2025-07-02 15:14:29.752] [DEBUG] [WikiRacer::crawler:251] Skipped foreign host link: https://web.archive.org/web/20211028165746/https://www.baeldung.com/graal-java-jit-compiler
[2025-07-02 15:14:29.752] [DEBUG] [WikiRacer::crawler:251] Skipped foreign host link: http://www.programmerinterview.com/index.php/java-questions/jvm-platform-dependent
[2025-07-02 15:14:29.752] [DEBUG] [WikiRacer::crawler:251] Skipped foreign host link: https://web.archive.org/web/20150119144223/http://www.programmerinterview.com/index.php/java-questions/jvm-platform-dependent
[2025-07-02 15:14:29.752] [DEBUG] [WikiRacer::crawler:251] Skipped foreign host link: https://web.archive.org/web/20080211111923/http://www.jelovic.com/articles/why_java_is_slow.htm
[2025-07-02 15:14:29.752] [DEBUG] [WikiRacer::crawler:251] Skipped foreign host link: http://www.jelovic.com/articles/why_java_is_slow.htm
[2025-07-02 15:14:29.752] [DEBUG] [WikiRacer::crawler:251] Skipped foreign host link: https://days2011.scala-lang.org/sites/days2011/files/ws3-1-Hundt.pdf
[2025-07-02 15:14:29.752] [DEBUG] [WikiRacer::crawler:251] Skipped foreign host link: https://web.archive.org/web/20111116151424/https://days2011.scala-lang.org/sites/days2011/files/ws3-1-Hundt.pdf
[2025-07-02 15:14:29.752] [DEBUG] [WikiRacer::crawler:251] Skipped foreign host link: https://web.archive.org/web/20100628171748/http://www.symantec.com/about/news/release/article.jsp?prid=19970407_03
[2025-07-02 15:14:29.752] [DEBUG] [WikiRacer::crawler:251] Skipped foreign host link: http://www.symantec.com/about/news/release/article.jsp?prid=19970407_03
[2025-07-02 15:14:29.752] [DEBUG] [WikiRacer::crawler:251] Skipped foreign host link: https://doi.org/10.1145%2F3073416
[2025-07-02 15:14:29.752] [DEBUG] [WikiRacer::crawler:251] Skipped foreign host link: https://search.worldcat.org/issn/1084-4309
[2025-07-02 15:14:29.752] [DEBUG] [WikiRacer::crawler:251] Skipped foreign host link: https://api.semanticscholar.org/CorpusID:11150290
[2025-07-02 15:14:29.752] [DEBUG] [WikiRacer::crawler:251] Skipped foreign host link: http://docs.oracle.com/javase/8/docs/api/java/lang/NullPointerException.html
[2025-07-02 15:14:29.752] [DEBUG] [WikiRacer::crawler:251] Skipped foreign host link: https://web.archive.org/web/20140506214735/http://docs.oracle.com/javase/8/docs/api/java/lang/NullPointerException.html
[2025-07-02 15:14:29.752] [DEBUG] [WikiRacer::crawler:251] Skipped foreign host link: http://www.artima.com/designtechniques/exceptions.html
[2025-07-02 15:14:29.752] [DEBUG] [WikiRacer::crawler:251] Skipped foreign host link: https://web.archive.org/web/20090121152332/http://www.artima.com/designtechniques/exceptions.html
[2025-07-02 15:14:29.752] [DEBUG] [WikiRacer::crawler:251] Skipped foreign host link: https://docs.oracle.com/javase/7/docs/technotes/guides/vm/performance-enhancements-7.html
[2025-07-02 15:14:29.752] [DEBUG] [WikiRacer::crawler:251] Skipped foreign host link: https://web.archive.org/web/20170529071720/http://docs.oracle.com/javase/7/docs/technotes/guides/vm/performance-enhancements-7.html
[2025-07-02 15:14:29.752] [DEBUG] [WikiRacer::crawler:251] Skipped foreign host link: http://msdn.microsoft.com/en-us/library/ms228498%28v=vs.90%29.aspx
[2025-07-02 15:14:29.752] [DEBUG] [WikiRacer::crawler:251] Skipped foreign host link: https://web.archive.org/web/20150107190007/http://msdn.microsoft.com/en-us/library/ms228498(v=vs.90).aspx
[2025-07-02 15:14:29.752] [DEBUG] [WikiRacer::crawler:251] Skipped foreign host link: https://docs.oracle.com/javase/tutorial/java/IandI/multipleinheritance.html
[2025-07-02 15:14:29.752] [DEBUG] [WikiRacer::crawler:251] Skipped foreign host link: https://web.archive.org/web/20141109034520/https://docs.oracle.com/javase/tutorial/java/IandI/multipleinheritance.html
[2025-07-02 15:14:29.752] [DEBUG] [WikiRacer::crawler:251] Skipped foreign host link: https://www.oracle.com/technetwork/java/javase/9-deprecated-features-3745636.html
[2025-07-02 15:14:29.752] [DEBUG] [WikiRacer::crawler:251] Skipped foreign host link: https://web.archive.org/web/20190619200811/https://www.oracle.com/technetwork/java/javase/9-deprecated-features-3745636.html
[2025-07-02 15:14:29.752] [DEBUG] [WikiRacer::crawler:251] Skipped foreign host link: https://docs.oracle.com/javase/7/docs/api/java/applet/Applet.html
[2025-07-02 15:14:29.752] [DEBUG] [WikiRacer::crawler:251] Skipped foreign host link: https://web.archive.org/web/20200802033524/https://docs.oracle.com/javase/7/docs/api/java/applet/Applet.html
[2025-07-02 15:14:29.752] [DEBUG] [WikiRacer::crawler:251] Skipped foreign host link: https://docs.oracle.com/javaee/5/tutorial/doc/bnagy.html
[2025-07-02 15:14:29.752] [DEBUG] [WikiRacer::crawler:251] Skipped foreign host link: https://web.archive.org/web/20200802003029/https://docs.oracle.com/javaee/5/tutorial/doc/bnagy.html
[2025-07-02 15:14:29.752] [DEBUG] [WikiRacer::crawler:251] Skipped foreign host link: https://docs.oracle.com/javase/tutorial/uiswing
[2025-07-02 15:14:29.752] [DEBUG] [WikiRacer::crawler:251] Skipped foreign host link: https://web.archive.org/web/20200429104302/https://docs.oracle.com/javase/tutorial/uiswing
[2025-07-02 15:14:29.752] [DEBUG] [WikiRacer::crawler:251] Skipped foreign host link: https://www.infoworld.com/article/3305073/removed-from-jdk-11-javafx-11-arrives-as-a-standalone-module.html
[2025-07-02 15:14:29.752] [DEBUG] [WikiRacer::crawler:251] Skipped foreign host link: https://web.archive.org/web/20201014141716/https://www.infoworld.com/article/3305073/removed-from-jdk-11-javafx-11-arrives-as-a-standalone-module.html
[2025-07-02 15:14:29.752] [DEBUG] [WikiRacer::crawler:251] Skipped foreign host link: https://docs.oracle.com/javafx/2/get_started/hello_world.htm
[2025-07-02 15:14:29.752] [DEBUG] [WikiRacer::crawler:251] Skipped foreign host link: https://web.archive.org/web/20200802013650/https://docs.oracle.com/javafx/2/get_started/hello_world.htm
[2025-07-02 15:14:29.752] [DEBUG] [WikiRacer::crawler:251] Skipped foreign host link: https://raw.githubusercontent.com/namin/unsound/master/doc/unsound-oopsla16.pdf
[2025-07-02 15:14:29.752] [DEBUG] [WikiRacer::crawler:251] Skipped foreign host link: https://web.archive.org/web/20161128174902/https://raw.githubusercontent.com/namin/unsound/master/doc/unsound-oopsla16.pdf
[2025-07-02 15:14:29.752] [DEBUG] [WikiRacer::crawler:251] Skipped foreign host link: https://web.archive.org/web/20071010002142/http://weblogs.java.net/blog/arnold/archive/2005/06/generics_consid_1.html
[2025-07-02 15:14:29.752] [DEBUG] [WikiRacer::crawler:251] Skipped foreign host link: https://weblogs.java.net/blog/arnold/archive/2005/06/generics_consid_1.html
[2025-07-02 15:14:29.752] [DEBUG] [WikiRacer::crawler:251] Skipped foreign host link: https://web.archive.org/web/20090220171410/http://darksleep.com/player/JavaAndUnsignedTypes.html
[2025-07-02 15:14:29.752] [DEBUG] [WikiRacer::crawler:251] Skipped foreign host link: http://darksleep.com/player/JavaAndUnsignedTypes.html
[2025-07-02 15:14:29.752] [DEBUG] [WikiRacer::crawler:251] Skipped foreign host link: http://www.cs.berkeley.edu/~wkahan/JAVAhurt.pdf
[2025-07-02 15:14:29.752] [DEBUG] [WikiRacer::crawler:251] Skipped foreign host link: https://web.archive.org/web/20120905004527/http://www.cs.berkeley.edu/~wkahan/JAVAhurt.pdf
[2025-07-02 15:14:29.752] [DEBUG] [WikiRacer::crawler:251] Skipped foreign host link: https://web.archive.org/web/20120921140402/http://blogs.technet.com/b/mmpc/archive/2010/10/18/have-you-checked-the-java.aspx
[2025-07-02 15:14:29.752] [DEBUG] [WikiRacer::crawler:251] Skipped foreign host link: http://blogs.technet.com/b/mmpc/archive/2010/10/18/have-you-checked-the-java.aspx
[2025-07-02 15:14:29.752] [DEBUG] [WikiRacer::crawler:251] Skipped foreign host link: https://www.vlebooks.com/vleweb/product/openreader?id=none&isbn=9798224253951
[2025-07-02 15:14:29.752] [DEBUG] [WikiRacer::crawler:251] Skipped foreign host link: http://www.informit.com/articles/article.aspx?p=2832404&seqNum=4
[2025-07-02 15:14:29.752] [DEBUG] [WikiRacer::crawler:251] Skipped foreign host link: https://web.archive.org/web/20210813193850/https://www.informit.com/articles/article.aspx?p=2832404&seqNum=4
[2025-07-02 15:14:29.752] [DEBUG] [WikiRacer::crawler:251] Skipped foreign host link: https://www.theguardian.com/technology/2016/may/26/google-wins-copyright-lawsuit-oracle-java-code
[2025-07-02 15:14:29.753] [DEBUG] [WikiRacer::crawler:251] Skipped foreign host link: https://search.worldcat.org/issn/0261-3077
[2025-07-02 15:14:29.753] [DEBUG] [WikiRacer::crawler:251] Skipped foreign host link: https://web.archive.org/web/20190326203847/https://www.theguardian.com/technology/2016/may/26/google-wins-copyright-lawsuit-oracle-java-code
[2025-07-02 15:14:29.753] [DEBUG] [WikiRacer::crawler:251] Skipped foreign host link: https://docs.oracle.com/javase/8/docs/api/java/nio/package-summary.html
[2025-07-02 15:14:29.753] [DEBUG] [WikiRacer::crawler:251] Skipped foreign host link: https://docs.oracle.com/javase/8/docs/technotes/guides/net
[2025-07-02 15:14:29.753] [DEBUG] [WikiRacer::crawler:251] Skipped foreign host link: https://docs.oracle.com/en/java/javase/11/docs/api/java.net.http/java/net/http/HttpClient.html
[2025-07-02 15:14:29.753] [DEBUG] [WikiRacer::crawler:251] Skipped foreign host link: http://docs.oracle.com/javase/8/docs/technotes/guides/collections/overview.html
[2025-07-02 15:14:29.753] [DEBUG] [WikiRacer::crawler:251] Skipped foreign host link: https://web.archive.org/web/20141231132540/http://docs.oracle.com/javase/8/docs/technotes/guides/collections/overview.html
[2025-07-02 15:14:29.753] [DEBUG] [WikiRacer::crawler:251] Skipped foreign host link: http://docs.oracle.com/javase/8/docs/technotes/guides/security/overview/jsoverview.html
[2025-07-02 15:14:29.753] [DEBUG] [WikiRacer::crawler:251] Skipped foreign host link: https://web.archive.org/web/20150103045031/http://docs.oracle.com/javase/8/docs/technotes/guides/security/overview/jsoverview.html
[2025-07-02 15:14:29.753] [DEBUG] [WikiRacer::crawler:251] Skipped foreign host link: http://docs.oracle.com/javase/tutorial/i18n
[2025-07-02 15:14:29.753] [DEBUG] [WikiRacer::crawler:251] Skipped foreign host link: https://web.archive.org/web/20141231053232/http://docs.oracle.com/javase/tutorial/i18n
[2025-07-02 15:14:29.753] [DEBUG] [WikiRacer::crawler:251] Skipped foreign host link: https://www.oracle.com/technetwork/articles/java/index-137868.html
[2025-07-02 15:14:29.753] [DEBUG] [WikiRacer::crawler:251] Skipped foreign host link: https://web.archive.org/web/20141218182906/http://www.oracle.com/technetwork/articles/java/index-137868.html
[2025-07-02 15:14:29.753] [DEBUG] [WikiRacer::crawler:251] Skipped foreign host link: https://www.infoworld.com/article/2074908/sun-microsoft-settle-java-lawsuit.html
[2025-07-02 15:14:29.753] [DEBUG] [WikiRacer::crawler:251] Skipped foreign host link: https://web.archive.org/web/20200714001541/https://www.infoworld.com/article/2074908/sun-microsoft-settle-java-lawsuit.html
[2025-07-02 15:14:29.753] [DEBUG] [WikiRacer::crawler:251] Skipped foreign host link: https://web.archive.org/web/20080828111808/http://www.javalobby.org/nl/archive/jlnews_20071113o.html
[2025-07-02 15:14:29.753] [DEBUG] [WikiRacer::crawler:251] Skipped foreign host link: https://arstechnica.com/tech-policy/news/2012/05/jury-rules-google-violated-copyright-law-google-moves-for-mistrial.ars
[2025-07-02 15:14:29.753] [DEBUG] [WikiRacer::crawler:251] Skipped foreign host link: https://web.archive.org/web/20120508134916/http://arstechnica.com/tech-policy/news/2012/05/jury-rules-google-violated-copyright-law-google-moves-for-mistrial.ars
[2025-07-02 15:14:29.753] [DEBUG] [WikiRacer::crawler:251] Skipped foreign host link: https://arstechnica.com/tech/2012/05/google-wins-crucial-api-ruling-oracles-case-decimated
[2025-07-02 15:14:29.753] [DEBUG] [WikiRacer::crawler:251] Skipped foreign host link: https://web.archive.org/web/20170312065520/https://arstechnica.com/tech-policy/2012/05/google-wins-crucial-api-ruling-oracles-case-decimated
[2025-07-02 15:14:29.753] [DEBUG] [WikiRacer::crawler:251] Skipped foreign host link: https://www.cnet.com/news/court-sides-with-oracle-over-android-in-java-patent-appeal
[2025-07-02 15:14:29.753] [DEBUG] [WikiRacer::crawler:251] Skipped foreign host link: https://web.archive.org/web/20140510203805/http://www.cnet.com/news/court-sides-with-oracle-over-android-in-java-patent-appeal
[2025-07-02 15:14:29.753] [DEBUG] [WikiRacer::crawler:251] Skipped foreign host link: https://arstechnica.com/tech-policy/2016/05/google-wins-trial-against-oracle-as-jury-finds-android-is-fair-use
[2025-07-02 15:14:29.753] [DEBUG] [WikiRacer::crawler:251] Skipped foreign host link: https://web.archive.org/web/20170120164551/http://arstechnica.com/tech-policy/2016/05/google-wins-trial-against-oracle-as-jury-finds-android-is-fair-use
[2025-07-02 15:14:29.753] [DEBUG] [WikiRacer::crawler:251] Skipped foreign host link: https://arstechnica.com/tech-policy/2018/03/googles-use-of-the-java-api-packages-was-not-fair-appeals-court-rules
[2025-07-02 15:14:29.753] [DEBUG] [WikiRacer::crawler:251] Skipped foreign host link: https://web.archive.org/web/20190924081919/https://arstechnica.com/tech-policy/2018/03/googles-use-of-the-java-api-packages-was-not-fair-appeals-court-rules
[2025-07-02 15:14:29.753] [DEBUG] [WikiRacer::crawler:251] Skipped foreign host link: https://arstechnica.com/tech-policy/2019/01/google-asks-supreme-court-to-overrule-disastrous-ruling-on-api-copyrights
[2025-07-02 15:14:29.753] [DEBUG] [WikiRacer::crawler:251] Skipped foreign host link: https://web.archive.org/web/20190423084450/https://arstechnica.com/tech-policy/2019/01/google-asks-supreme-court-to-overrule-disastrous-ruling-on-api-copyrights
[2025-07-02 15:14:29.753] [DEBUG] [WikiRacer::crawler:251] Skipped foreign host link: https://www.supremecourt.gov/opinions/20pdf/18-956_d18f.pdf
[2025-07-02 15:14:29.753] [DEBUG] [WikiRacer::crawler:251] Skipped foreign host link: https://web.archive.org/web/20210405140150/https://www.supremecourt.gov/opinions/20pdf/18-956_d18f.pdf
[2025-07-02 15:14:29.753] [DEBUG] [WikiRacer::crawler:251] Skipped foreign host link: https://java.sun.com/docs/books/jls
[2025-07-02 15:14:29.753] [DEBUG] [WikiRacer::crawler:251] Skipped foreign host link: https://web.archive.org/web/20120214061826/http://java.sun.com/docs/books/jls
[2025-07-02 15:14:29.753] [DEBUG] [WikiRacer::crawler:251] Skipped foreign host link: https://docs.oracle.com/javase/specs/jls/se8/jls8.pdf
[2025-07-02 15:14:29.753] [DEBUG] [WikiRacer::crawler:251] Skipped foreign host link: https://web.archive.org/web/20141021061951/http://docs.oracle.com/javase/specs/jls/se8/jls8.pdf
[2025-07-02 15:14:29.753] [DEBUG] [WikiRacer::crawler:251] Skipped foreign host link: https://java.sun.com/docs/books/vmspec/2nd-edition/html/VMSpecTOC.doc.html
[2025-07-02 15:14:29.753] [DEBUG] [WikiRacer::crawler:251] Skipped foreign host link: https://web.archive.org/web/20110925050249/http://java.sun.com/docs/books/vmspec/2nd-edition/html/VMSpecTOC.doc.html
[2025-07-02 15:14:29.753] [DEBUG] [WikiRacer::crawler:251] Skipped foreign host link: https://en.wiktionary.org/wiki/Java
[2025-07-02 15:14:29.753] [DEBUG] [WikiRacer::crawler:251] Skipped foreign host link: https://commons.wikimedia.org/wiki/Category:Java_(programming_language)
[2025-07-02 15:14:29.753] [DEBUG] [WikiRacer::crawler:251] Skipped foreign host link: https://en.wikiquote.org/wiki/Java_(programming_language)
[2025-07-02 15:14:29.753] [DEBUG] [WikiRacer::crawler:251] Skipped foreign host link: https://en.wikibooks.org/wiki/Java_Programming
[2025-07-02 15:14:29.753] [DEBUG] [WikiRacer::crawler:251] Skipped foreign host link: https://en.wikiversity.org/wiki/Java
[2025-07-02 15:14:29.753] [DEBUG] [WikiRacer::crawler:251] Skipped foreign host link: https://www.wikidata.org/wiki/Q251
[2025-07-02 15:14:29.753] [DEBUG] [WikiRacer::crawler:251] Skipped foreign host link: https://en.wikiversity.org/wiki/Java_Platform,_Enterprise_Edition/Java_EE_Tutorial
[2025-07-02 15:14:29.753] [DEBUG] [WikiRacer::crawler:251] Skipped foreign host link: http://jdk.java.net/
[2025-07-02 15:14:29.753] [DEBUG] [WikiRacer::crawler:251] Skipped foreign host link: https://adoptium.net/
[2025-07-02 15:14:29.754] [DEBUG] [WikiRacer::crawler:251] Skipped foreign host link: https://www.wikidata.org/wiki/Q251
[2025-07-02 15:14:29.755] [DEBUG] [WikiRacer::crawler:251] Skipped foreign host link: https://d-nb.info/gnd/4401313-9
[2025-07-02 15:14:29.755] [DEBUG] [WikiRacer::crawler:251] Skipped foreign host link: https://id.loc.gov/authorities/sh95008574
[2025-07-02 15:14:29.755] [DEBUG] [WikiRacer::crawler:251] Skipped foreign host link: https://catalogue.bnf.fr/ark:/12148/cb12533207m
[2025-07-02 15:14:29.755] [DEBUG] [WikiRacer::crawler:251] Skipped foreign host link: https://data.bnf.fr/ark:/12148/cb12533207m
[2025-07-02 15:14:29.755] [DEBUG] [WikiRacer::crawler:251] Skipped foreign host link: https://aleph.nkp.cz/F?func=find-c&local_base=aut&ccl_term=ica=ph117027&CON_LNG=ENG
[2025-07-02 15:14:29.755] [DEBUG] [WikiRacer::crawler:251] Skipped foreign host link: https://datos.bne.es/resource/XX540033
[2025-07-02 15:14:29.755] [DEBUG] [WikiRacer::crawler:251] Skipped foreign host link: https://www.nli.org.il/en/authorities/987007561288105171
[2025-07-02 15:14:29.755] [DEBUG] [WikiRacer::crawler:251] Skipped foreign host link: https://elmcip.net/node/10259
[2025-07-02 15:14:29.755] [DEBUG] [WikiRacer::crawler:251] Skipped foreign host link: https://foundation.wikimedia.org/wiki/Special:MyLanguage/Policy:Terms_of_Use
[2025-07-02 15:14:29.755] [DEBUG] [WikiRacer::crawler:251] Skipped foreign host link: https://foundation.wikimedia.org/wiki/Special:MyLanguage/Policy:Privacy_policy
[2025-07-02 15:14:29.755] [DEBUG] [WikiRacer::crawler:251] Skipped foreign host link: https://wikimediafoundation.org/
[2025-07-02 15:14:29.755] [DEBUG] [WikiRacer::crawler:251] Skipped foreign host link: https://foundation.wikimedia.org/wiki/Special:MyLanguage/Policy:Privacy_policy
[2025-07-02 15:14:29.755] [DEBUG] [WikiRacer::crawler:251] Skipped foreign host link: https://foundation.wikimedia.org/wiki/Special:MyLanguage/Policy:Universal_Code_of_Conduct
[2025-07-02 15:14:29.755] [DEBUG] [WikiRacer::crawler:251] Skipped foreign host link: https://developer.wikimedia.org/
[2025-07-02 15:14:29.755] [DEBUG] [WikiRacer::crawler:251] Skipped foreign host link: https://stats.wikimedia.org/
[2025-07-02 15:14:29.755] [DEBUG] [WikiRacer::crawler:251] Skipped foreign host link: https://foundation.wikimedia.org/wiki/Special:MyLanguage/Policy:Cookie_statement
[2025-07-02 15:14:29.755] [DEBUG] [WikiRacer::crawler:251] Skipped foreign host link: https://en.m.wikipedia.org/w/index.php?title=Java_(programming_language)&mobileaction=toggle_view_mobile
[2025-07-02 15:14:29.755] [DEBUG] [WikiRacer::crawler:251] Skipped foreign host link: https://www.wikimedia.org/
[2025-07-02 15:14:29.755] [DEBUG] [WikiRacer::crawler:251] Skipped foreign host link: https://www.mediawiki.org/
[2025-07-02 15:14:29.755] [INFO] [WikiRacer::crawler:262] Found 634 urls on page https://en.wikipedia.org/wiki/Java_(programming_language)
[2025-07-02 15:14:29.771] [INFO] [WikiRacer::crawler:282] Worker 5: Target has been found. Exiting...
[2025-07-02 15:14:29.772] [INFO] [WikiRacer::crawler:365] Worker 5 finished
[2025-07-02 15:14:29.775] [INFO] [WikiRacer::crawler:282] Worker 2: Target has been found. Exiting...
[2025-07-02 15:14:29.775] [INFO] [WikiRacer::crawler:365] Worker 2 finished
[2025-07-02 15:14:29.788] [INFO] [WikiRacer::crawler:282] Worker 6: Target has been found. Exiting...
[2025-07-02 15:14:29.788] [INFO] [WikiRacer::crawler:365] Worker 6 finished
[2025-07-02 15:14:29.789] [INFO] [WikiRacer::crawler:282] Worker 4: Target has been found. Exiting...
[2025-07-02 15:14:29.789] [INFO] [WikiRacer::crawler:365] Worker 4 finished
[2025-07-02 15:14:29.789] [INFO] [WikiRacer::crawler:282] Worker 7: Target has been found. Exiting...
[2025-07-02 15:14:29.789] [INFO] [WikiRacer::crawler:365] Worker 7 finished
[2025-07-02 15:14:29.858] [INFO] [WikiRacer::crawler:282] Worker 0: Target has been found. Exiting...
[2025-07-02 15:14:29.858] [INFO] [WikiRacer::crawler:365] Worker 0 finished
[2025-07-02 15:14:29.940] [INFO] [WikiRacer::crawler:282] Worker 1: Target has been found. Exiting...
[2025-07-02 15:14:29.940] [INFO] [WikiRacer::crawler:365] Worker 1 finished
[2025-07-02 15:14:29.953] [INFO] [WikiRacer::crawler:282] Worker 3: Target has been found. Exiting...
[2025-07-02 15:14:29.953] [INFO] [WikiRacer::crawler:365] Worker 3 finished
[2025-07-02 15:14:29.956] [DEBUG] [WikiRacer:60] Crawling completed. Total links found: 1
[2025-07-02 15:14:29.957] [DEBUG] [WikiRacer::pathfinder:13] Searching for path from https://en.wikipedia.org/wiki/Java_(programming_language) to https://en.wikipedia.org/wiki/James_Gosling
[2025-07-02 15:14:29.957] [DEBUG] [WikiRacer::pathfinder:14] Graph contains 1 nodes
[2025-07-02 15:14:29.958] [DEBUG] [WikiRacer::pathfinder:54] Found target at depth 1
Shortest path (1 steps):
  START: https://en.wikipedia.org/wiki/Java_(programming_language)
  END:   https://en.wikipedia.org/wiki/James_Gosling
[2025-07-02 15:14:29.958] [INFO] [WikiRacer:66] Path found!
[2025-07-02 15:14:29.958] [INFO] [WikiRacer:68] Number of links between pages: 1
Duration: 0s
