[2025-07-02 15:14:27.306] [INFO] [WikiRacer:26] Logging Started
[2025-07-02 15:14:27.308] [DEBUG] [WikiRacer:36] start_url: Url { scheme: "https", cannot_be_a_base: false, username: "", password: None, host: Some(Domain("en.wikipedia.org")), port: None, path: "/wiki/Rust_(programming_language)", query: None, fragment: None }
[2025-07-02 15:14:27.308] [DEBUG] [WikiRacer:38] target_url: Url { scheme: "https", cannot_be_a_base: false, username: "", password: None, host: Some(Domain("en.wikipedia.org")), port: None, path: "/wiki/Mozilla", query: None, fragment: None }
[2025-07-02 15:14:27.308] [DEBUG] [WikiRacer:51] Starting crawler with 8 threads, max 10000 URLs, max depth 5
[2025-07-02 15:14:27.628] [INFO] [WikiRacer::crawler:278] Worker 7 started
[2025-07-02 15:14:27.628] [INFO] [WikiRacer::crawler:314] Worker 7: Crawling https://en.wikipedia.org/wiki/Rust_(programming_language) at depth 0
[2025-07-02 15:14:27.697] [INFO] [WikiRacer::crawler:278] Worker 5 started
[2025-07-02 15:14:27.699] [INFO] [WikiRacer::crawler:278] Worker 2 started
[2025-07-02 15:14:27.705] [INFO] [WikiRacer::crawler:278] Worker 1 started
[2025-07-02 15:14:27.706] [INFO] [WikiRacer::crawler:278] Worker 0 started
[2025-07-02 15:14:27.707] [INFO] [WikiRacer::crawler:278] Worker 6 started
[2025-07-02 15:14:27.712] [INFO] [WikiRacer::crawler:278] Worker 3 started
[2025-07-02 15:14:27.719] [INFO] [WikiRacer::crawler:278] Worker 4 started
[2025-07-02 15:14:28.144] [DEBUG] [WikiRacer::crawler:251] Skipped foreign host link: https://donate.wikimedia.org/?wmf_source=donate&wmf_medium=sidebar&wmf_campaign=en.wikipedia.org&uselang=en
[2025-07-02 15:14:28.144] [DEBUG] [WikiRacer::crawler:251] Skipped foreign host link: https://donate.wikimedia.org/?wmf_source=donate&wmf_medium=sidebar&wmf_campaign=en.wikipedia.org&uselang=en
[2025-07-02 15:14:28.144] [DEBUG] [WikiRacer::crawler:251] Skipped foreign host link: https://af.wikipedia.org/wiki/Rust_(programmeertaal)
[2025-07-02 15:14:28.144] [DEBUG] [WikiRacer::crawler:251] Skipped foreign host link: https://ar.wikipedia.org/wiki/%D8%B1%D8%B3%D8%AA_(%D9%84%D8%BA%D8%A9_%D8%A8%D8%B1%D9%85%D8%AC%D8%A9)
[2025-07-02 15:14:28.144] [DEBUG] [WikiRacer::crawler:251] Skipped foreign host link: https://az.wikipedia.org/wiki/Rust_(proqramla%C5%9Fd%C4%B1rma_dili)
[2025-07-02 15:14:28.144] [DEBUG] [WikiRacer::crawler:251] Skipped foreign host link: https://bn.wikipedia.org/wiki/%E0%A6%B0%E0%A6%BE%E0%A6%B8%E0%A7%8D%E0%A6%9F_(%E0%A6%AA%E0%A7%8D%E0%A6%B0%E0%A7%8B%E0%A6%97%E0%A7%8D%E0%A6%B0%E0%A6%BE%E0%A6%AE%E0%A6%BF%E0%A6%82_%E0%A6%AD%E0%A6%BE%E0%A6%B7%E0%A6%BE)
[2025-07-02 15:14:28.144] [DEBUG] [WikiRacer::crawler:251] Skipped foreign host link: https://zh-min-nan.wikipedia.org/wiki/Rust_(pian-t%C3%AAng_g%C3%BA-gi%C3%A2n)
[2025-07-02 15:14:28.144] [DEBUG] [WikiRacer::crawler:251] Skipped foreign host link: https://be.wikipedia.org/wiki/Rust
[2025-07-02 15:14:28.144] [DEBUG] [WikiRacer::crawler:251] Skipped foreign host link: https://ca.wikipedia.org/wiki/Rust_(llenguatge_de_programaci%C3%B3)
[2025-07-02 15:14:28.144] [DEBUG] [WikiRacer::crawler:251] Skipped foreign host link: https://cs.wikipedia.org/wiki/Rust_(programovac%C3%AD_jazyk)
[2025-07-02 15:14:28.144] [DEBUG] [WikiRacer::crawler:251] Skipped foreign host link: https://da.wikipedia.org/wiki/Rust_(programmeringssprog)
[2025-07-02 15:14:28.144] [DEBUG] [WikiRacer::crawler:251] Skipped foreign host link: https://de.wikipedia.org/wiki/Rust_(Programmiersprache)
[2025-07-02 15:14:28.144] [DEBUG] [WikiRacer::crawler:251] Skipped foreign host link: https://et.wikipedia.org/wiki/Rust
[2025-07-02 15:14:28.144] [DEBUG] [WikiRacer::crawler:251] Skipped foreign host link: https://es.wikipedia.org/wiki/Rust_(lenguaje_de_programaci%C3%B3n)
[2025-07-02 15:14:28.144] [DEBUG] [WikiRacer::crawler:251] Skipped foreign host link: https://eo.wikipedia.org/wiki/Rust_(programlingvo)
[2025-07-02 15:14:28.144] [DEBUG] [WikiRacer::crawler:251] Skipped foreign host link: https://eu.wikipedia.org/wiki/Rust_(programazio-lengoaia)
[2025-07-02 15:14:28.144] [DEBUG] [WikiRacer::crawler:251] Skipped foreign host link: https://fa.wikipedia.org/wiki/%D8%B1%D8%A7%D8%B3%D8%AA_(%D8%B2%D8%A8%D8%A7%D9%86_%D8%A8%D8%B1%D9%86%D8%A7%D9%85%D9%87%E2%80%8C%D9%86%D9%88%DB%8C%D8%B3%DB%8C)
[2025-07-02 15:14:28.144] [DEBUG] [WikiRacer::crawler:251] Skipped foreign host link: https://fr.wikipedia.org/wiki/Rust_(langage)
[2025-07-02 15:14:28.144] [DEBUG] [WikiRacer::crawler:251] Skipped foreign host link: https://ko.wikipedia.org/wiki/%EB%9F%AC%EC%8A%A4%ED%8A%B8_(%ED%94%84%EB%A1%9C%EA%B7%B8%EB%9E%98%EB%B0%8D_%EC%96%B8%EC%96%B4)
[2025-07-02 15:14:28.144] [DEBUG] [WikiRacer::crawler:251] Skipped foreign host link: https://hr.wikipedia.org/wiki/Rust_(programski_jezik)
[2025-07-02 15:14:28.144] [DEBUG] [WikiRacer::crawler:251] Skipped foreign host link: https://id.wikipedia.org/wiki/Rust_(bahasa_pemrograman)
[2025-07-02 15:14:28.145] [DEBUG] [WikiRacer::crawler:251] Skipped foreign host link: https://is.wikipedia.org/wiki/Rust_(forritunarm%C3%A1l)
[2025-07-02 15:14:28.145] [DEBUG] [WikiRacer::crawler:251] Skipped foreign host link: https://it.wikipedia.org/wiki/Rust_(linguaggio_di_programmazione)
[2025-07-02 15:14:28.145] [DEBUG] [WikiRacer::crawler:251] Skipped foreign host link: https://he.wikipedia.org/wiki/%D7%A8%D7%90%D7%A1%D7%98_(%D7%A9%D7%A4%D7%AA_%D7%AA%D7%9B%D7%A0%D7%95%D7%AA)
[2025-07-02 15:14:28.145] [DEBUG] [WikiRacer::crawler:251] Skipped foreign host link: https://lv.wikipedia.org/wiki/Rust
[2025-07-02 15:14:28.145] [DEBUG] [WikiRacer::crawler:251] Skipped foreign host link: https://lmo.wikipedia.org/wiki/Rust_(lenguagg_de_programazzion)
[2025-07-02 15:14:28.145] [DEBUG] [WikiRacer::crawler:251] Skipped foreign host link: https://hu.wikipedia.org/wiki/Rust_(programoz%C3%A1si_nyelv)
[2025-07-02 15:14:28.145] [DEBUG] [WikiRacer::crawler:251] Skipped foreign host link: https://ml.wikipedia.org/wiki/%E0%B4%B1%E0%B4%B8%E0%B5%8D%E0%B4%B1%E0%B5%8D%E0%B4%B1%E0%B5%8D_(%E0%B4%AA%E0%B5%8D%E0%B4%B0%E0%B5%8B%E0%B4%97%E0%B5%8D%E0%B4%B0%E0%B4%BE%E0%B4%AE%E0%B4%BF%E0%B4%82%E0%B4%97%E0%B5%8D_%E0%B4%AD%E0%B4%BE%E0%B4%B7)
[2025-07-02 15:14:28.145] [DEBUG] [WikiRacer::crawler:251] Skipped foreign host link: https://ms.wikipedia.org/wiki/Rust_(bahasa_pengaturcaraan)
[2025-07-02 15:14:28.145] [DEBUG] [WikiRacer::crawler:251] Skipped foreign host link: https://nl.wikipedia.org/wiki/Rust_(programmeertaal)
[2025-07-02 15:14:28.145] [DEBUG] [WikiRacer::crawler:251] Skipped foreign host link: https://ja.wikipedia.org/wiki/Rust_(%E3%83%97%E3%83%AD%E3%82%B0%E3%83%A9%E3%83%9F%E3%83%B3%E3%82%B0%E8%A8%80%E8%AA%9E)
[2025-07-02 15:14:28.145] [DEBUG] [WikiRacer::crawler:251] Skipped foreign host link: https://no.wikipedia.org/wiki/Rust_(programmeringsspr%C3%A5k)
[2025-07-02 15:14:28.145] [DEBUG] [WikiRacer::crawler:251] Skipped foreign host link: https://pl.wikipedia.org/wiki/Rust_(j%C4%99zyk_programowania)
[2025-07-02 15:14:28.145] [DEBUG] [WikiRacer::crawler:251] Skipped foreign host link: https://pt.wikipedia.org/wiki/Rust_(linguagem_de_programa%C3%A7%C3%A3o)
[2025-07-02 15:14:28.145] [DEBUG] [WikiRacer::crawler:251] Skipped foreign host link: https://ro.wikipedia.org/wiki/Rust_(limbaj_de_programare)
[2025-07-02 15:14:28.145] [DEBUG] [WikiRacer::crawler:251] Skipped foreign host link: https://qu.wikipedia.org/wiki/Rust
[2025-07-02 15:14:28.145] [DEBUG] [WikiRacer::crawler:251] Skipped foreign host link: https://ru.wikipedia.org/wiki/Rust_(%D1%8F%D0%B7%D1%8B%D0%BA_%D0%BF%D1%80%D0%BE%D0%B3%D1%80%D0%B0%D0%BC%D0%BC%D0%B8%D1%80%D0%BE%D0%B2%D0%B0%D0%BD%D0%B8%D1%8F)
[2025-07-02 15:14:28.145] [DEBUG] [WikiRacer::crawler:251] Skipped foreign host link: https://sq.wikipedia.org/wiki/Rust_(gjuh%C3%AB_programimi)
[2025-07-02 15:14:28.145] [DEBUG] [WikiRacer::crawler:251] Skipped foreign host link: https://simple.wikipedia.org/wiki/Rust_(programming_language)
[2025-07-02 15:14:28.145] [DEBUG] [WikiRacer::crawler:251] Skipped foreign host link: https://sk.wikipedia.org/wiki/Rust_(programovac%C3%AD_jazyk)
[2025-07-02 15:14:28.145] [DEBUG] [WikiRacer::crawler:251] Skipped foreign host link: https://sr.wikipedia.org/wiki/Rust_(%D0%BF%D1%80%D0%BE%D0%B3%D1%80%D0%B0%D0%BC%D1%81%D0%BA%D0%B8_%D1%98%D0%B5%D0%B7%D0%B8%D0%BA)
[2025-07-02 15:14:28.145] [DEBUG] [WikiRacer::crawler:251] Skipped foreign host link: https://fi.wikipedia.org/wiki/Rust_(ohjelmointikieli)
[2025-07-02 15:14:28.145] [DEBUG] [WikiRacer::crawler:251] Skipped foreign host link: https://sv.wikipedia.org/wiki/Rust_(programspr%C3%A5k)
[2025-07-02 15:14:28.145] [DEBUG] [WikiRacer::crawler:251] Skipped foreign host link: https://te.wikipedia.org/wiki/%E0%B0%B0%E0%B0%B8%E0%B1%8D%E0%B0%9F%E0%B1%8D_(%E0%B0%AA%E0%B1%8D%E0%B0%B0%E0%B1%8B%E0%B0%97%E0%B1%8D%E0%B0%B0%E0%B0%BE%E0%B0%AE%E0%B0%BF%E0%B0%82%E0%B0%97%E0%B1%8D_%E0%B0%AD%E0%B0%BE%E0%B0%B7)
[2025-07-02 15:14:28.145] [DEBUG] [WikiRacer::crawler:251] Skipped foreign host link: https://th.wikipedia.org/wiki/%E0%B8%A0%E0%B8%B2%E0%B8%A9%E0%B8%B2%E0%B8%A3%E0%B8%B1%E0%B8%AA%E0%B8%95%E0%B9%8C
[2025-07-02 15:14:28.145] [DEBUG] [WikiRacer::crawler:251] Skipped foreign host link: https://tr.wikipedia.org/wiki/Rust_(programlama_dili)
[2025-07-02 15:14:28.145] [DEBUG] [WikiRacer::crawler:251] Skipped foreign host link: https://uk.wikipedia.org/wiki/Rust_(%D0%BC%D0%BE%D0%B2%D0%B0_%D0%BF%D1%80%D0%BE%D0%B3%D1%80%D0%B0%D0%BC%D1%83%D0%B2%D0%B0%D0%BD%D0%BD%D1%8F)
[2025-07-02 15:14:28.145] [DEBUG] [WikiRacer::crawler:251] Skipped foreign host link: https://vi.wikipedia.org/wiki/Rust_(ng%C3%B4n_ng%E1%BB%AF_l%E1%BA%ADp_tr%C3%ACnh)
[2025-07-02 15:14:28.145] [DEBUG] [WikiRacer::crawler:251] Skipped foreign host link: https://zh-yue.wikipedia.org/wiki/Rust
[2025-07-02 15:14:28.145] [DEBUG] [WikiRacer::crawler:251] Skipped foreign host link: https://zh.wikipedia.org/wiki/Rust
[2025-07-02 15:14:28.145] [DEBUG] [WikiRacer::crawler:251] Skipped foreign host link: https://dtp.wikipedia.org/wiki/Rust_(boros_tokud)
[2025-07-02 15:14:28.145] [DEBUG] [WikiRacer::crawler:251] Skipped foreign host link: https://www.wikidata.org/wiki/Special:EntityPage/Q575650
[2025-07-02 15:14:28.145] [DEBUG] [WikiRacer::crawler:251] Skipped foreign host link: https://commons.wikimedia.org/wiki/Category:Rust_(programming_language)
[2025-07-02 15:14:28.145] [DEBUG] [WikiRacer::crawler:251] Skipped foreign host link: https://en.wikiversity.org/wiki/Rust
[2025-07-02 15:14:28.145] [DEBUG] [WikiRacer::crawler:251] Skipped foreign host link: https://www.wikidata.org/wiki/Special:EntityPage/Q575650
[2025-07-02 15:14:28.145] [DEBUG] [WikiRacer::crawler:251] Skipped foreign host link: https://www.wikidata.org/wiki/Q575650?uselang=en
[2025-07-02 15:14:28.145] [DEBUG] [WikiRacer::crawler:251] Skipped foreign host link: https://www.rust-lang.org/
[2025-07-02 15:14:28.148] [DEBUG] [WikiRacer::crawler:251] Skipped foreign host link: https://foundation.rust-lang.org/
[2025-07-02 15:14:28.149] [DEBUG] [WikiRacer::crawler:251] Skipped foreign host link: https://www.worldcat.org/oclc/1277511986
[2025-07-02 15:14:28.149] [DEBUG] [WikiRacer::crawler:251] Skipped foreign host link: https://search.worldcat.org/oclc/1277511986
[2025-07-02 15:14:28.149] [DEBUG] [WikiRacer::crawler:251] Skipped foreign host link: https://books.google.com/books?id=0Vv6DwAAQBAJ
[2025-07-02 15:14:28.149] [DEBUG] [WikiRacer::crawler:251] Skipped foreign host link: https://www.worldcat.org/oclc/1289839504
[2025-07-02 15:14:28.149] [DEBUG] [WikiRacer::crawler:251] Skipped foreign host link: https://search.worldcat.org/oclc/1289839504
[2025-07-02 15:14:28.149] [DEBUG] [WikiRacer::crawler:251] Skipped foreign host link: https://www.worldcat.org/oclc/1153044639
[2025-07-02 15:14:28.149] [DEBUG] [WikiRacer::crawler:251] Skipped foreign host link: https://search.worldcat.org/oclc/1153044639
[2025-07-02 15:14:28.149] [DEBUG] [WikiRacer::crawler:251] Skipped foreign host link: https://www.worldcat.org/oclc/1363816350
[2025-07-02 15:14:28.149] [DEBUG] [WikiRacer::crawler:251] Skipped foreign host link: https://search.worldcat.org/oclc/1363816350
[2025-07-02 15:14:28.149] [DEBUG] [WikiRacer::crawler:251] Skipped foreign host link: https://blog.rust-lang.org/2025/06/26/Rust-1.88.0
[2025-07-02 15:14:28.149] [DEBUG] [WikiRacer::crawler:251] Skipped foreign host link: https://doc.rust-lang.org/rustc/platform-support.html
[2025-07-02 15:14:28.149] [DEBUG] [WikiRacer::crawler:251] Skipped foreign host link: https://web.archive.org/web/20220630164523/https://doc.rust-lang.org/rustc/platform-support.html
[2025-07-02 15:14:28.149] [DEBUG] [WikiRacer::crawler:251] Skipped foreign host link: https://github.com/rust-lang/rust/blob/master/COPYRIGHT
[2025-07-02 15:14:28.149] [DEBUG] [WikiRacer::crawler:251] Skipped foreign host link: https://web.archive.org/web/20230722190056/http://github.com/rust-lang/rust/blob/master/COPYRIGHT
[2025-07-02 15:14:28.149] [DEBUG] [WikiRacer::crawler:251] Skipped foreign host link: https://www.rust-lang.org/policies/licenses
[2025-07-02 15:14:28.149] [DEBUG] [WikiRacer::crawler:251] Skipped foreign host link: https://web.archive.org/web/20250223193908/https://www.rust-lang.org/policies/licenses
[2025-07-02 15:14:28.149] [DEBUG] [WikiRacer::crawler:251] Skipped foreign host link: https://blog.rust-lang.org/2016/08/10/Shape-of-errors-to-come.html
[2025-07-02 15:14:28.149] [DEBUG] [WikiRacer::crawler:251] Skipped foreign host link: https://web.archive.org/web/20160915133745/https://blog.rust-lang.org/2016/08/10/Shape-of-errors-to-come.html
[2025-07-02 15:14:28.149] [DEBUG] [WikiRacer::crawler:251] Skipped foreign host link: https://doc.rust-lang.org/reference/influences.html
[2025-07-02 15:14:28.149] [DEBUG] [WikiRacer::crawler:251] Skipped foreign host link: https://web.archive.org/web/20231126231034/https://doc.rust-lang.org/reference/influences.html
[2025-07-02 15:14:28.149] [DEBUG] [WikiRacer::crawler:251] Skipped foreign host link: http://docs.idris-lang.org/en/latest/reference/uniqueness-types.html
[2025-07-02 15:14:28.149] [DEBUG] [WikiRacer::crawler:251] Skipped foreign host link: https://web.archive.org/web/20181121072557/http://docs.idris-lang.org/en/latest/reference/uniqueness-types.html
[2025-07-02 15:14:28.149] [DEBUG] [WikiRacer::crawler:251] Skipped foreign host link: https://www.zdnet.com/article/microsoft-opens-up-rust-inspired-project-verona-programming-language-on-github
[2025-07-02 15:14:28.149] [DEBUG] [WikiRacer::crawler:251] Skipped foreign host link: https://web.archive.org/web/20200117143852/https://www.zdnet.com/article/microsoft-opens-up-rust-inspired-project-verona-programming-language-on-github
[2025-07-02 15:14:28.149] [DEBUG] [WikiRacer::crawler:251] Skipped foreign host link: https://arxiv.org/abs/1710.07047
[2025-07-02 15:14:28.149] [DEBUG] [WikiRacer::crawler:251] Skipped foreign host link: https://arxiv.org/archive/cs.PL
[2025-07-02 15:14:28.149] [DEBUG] [WikiRacer::crawler:251] Skipped foreign host link: http://nondot.org/sabre
[2025-07-02 15:14:28.149] [DEBUG] [WikiRacer::crawler:251] Skipped foreign host link: https://web.archive.org/web/20181225175312/http://nondot.org/sabre
[2025-07-02 15:14:28.149] [DEBUG] [WikiRacer::crawler:251] Skipped foreign host link: https://github.com/vlang/v/blob/master/doc/docs.md
[2025-07-02 15:14:28.149] [DEBUG] [WikiRacer::crawler:251] Skipped foreign host link: https://www.infoworld.com/article/3113083/new-challenger-joins-rust-to-upend-c-language.html
[2025-07-02 15:14:28.149] [DEBUG] [WikiRacer::crawler:251] Skipped foreign host link: https://web.archive.org/web/20211125104022/https://www.infoworld.com/article/3113083/new-challenger-joins-rust-to-upend-c-language.html
[2025-07-02 15:14:28.149] [DEBUG] [WikiRacer::crawler:251] Skipped foreign host link: https://www.technologyreview.com/2023/02/14/1067869/rust-worlds-fastest-growing-programming-language
[2025-07-02 15:14:28.149] [DEBUG] [WikiRacer::crawler:251] Skipped foreign host link: https://web.archive.org/web/20240919102849/https://www.technologyreview.com/2023/02/14/1067869/rust-worlds-fastest-growing-programming-language
[2025-07-02 15:14:28.149] [DEBUG] [WikiRacer::crawler:251] Skipped foreign host link: https://dl.acm.org/doi/10.1145/2959689.2960081
[2025-07-02 15:14:28.149] [DEBUG] [WikiRacer::crawler:251] Skipped foreign host link: https://doi.org/10.1145%2F2959689.2960081
[2025-07-02 15:14:28.149] [DEBUG] [WikiRacer::crawler:251] Skipped foreign host link: https://archive.today/20211226213836/http://venge.net/graydon/talks/intro-talk-2.pdf
[2025-07-02 15:14:28.149] [DEBUG] [WikiRacer::crawler:251] Skipped foreign host link: http://venge.net/graydon/talks/intro-talk-2.pdf
[2025-07-02 15:14:28.149] [DEBUG] [WikiRacer::crawler:251] Skipped foreign host link: https://github.com/graydon/rust-prehistory/tree/master
[2025-07-02 15:14:28.149] [DEBUG] [WikiRacer::crawler:251] Skipped foreign host link: https://github.com/rust-lang/rust/milestone/3?closed=1
[2025-07-02 15:14:28.149] [DEBUG] [WikiRacer::crawler:251] Skipped foreign host link: https://www.youtube.com/watch?v=oUIjG-y4zaA
[2025-07-02 15:14:28.149] [DEBUG] [WikiRacer::crawler:251] Skipped foreign host link: https://bugzilla.mozilla.org/show_bug.cgi?id=680521
[2025-07-02 15:14:28.149] [DEBUG] [WikiRacer::crawler:251] Skipped foreign host link: https://web.archive.org/web/20240202045212/https://bugzilla.mozilla.org/show_bug.cgi?id=680521
[2025-07-02 15:14:28.150] [DEBUG] [WikiRacer::crawler:251] Skipped foreign host link: https://web.archive.org/web/20120124160628/https://mail.mozilla.org/pipermail/rust-dev/2012-January/001256.html
[2025-07-02 15:14:28.150] [DEBUG] [WikiRacer::crawler:251] Skipped foreign host link: https://mail.mozilla.org/pipermail/rust-dev/2012-January/001256.html
[2025-07-02 15:14:28.150] [DEBUG] [WikiRacer::crawler:251] Skipped foreign host link: https://www.extremetech.com/internet/115207-mozilla-releases-rust-0-1-the-language-that-will-eventually-usurp-firefoxs-c
[2025-07-02 15:14:28.150] [DEBUG] [WikiRacer::crawler:251] Skipped foreign host link: https://github.com/rust-lang/rust/pull/5412
[2025-07-02 15:14:28.150] [DEBUG] [WikiRacer::crawler:251] Skipped foreign host link: https://web.archive.org/web/20160807075745/http://www.drdobbs.com/jvm/the-rise-and-fall-of-languages-in-2013/240165192
[2025-07-02 15:14:28.150] [DEBUG] [WikiRacer::crawler:251] Skipped foreign host link: https://www.drdobbs.com/jvm/the-rise-and-fall-of-languages-in-2013/240165192
[2025-07-02 15:14:28.150] [DEBUG] [WikiRacer::crawler:251] Skipped foreign host link: https://techcrunch.com/2013/04/03/mozilla-and-samsung-collaborate-on-servo-mozillas-next-gen-browser-engine-for-tomorrows-multicore-processors
[2025-07-02 15:14:28.150] [DEBUG] [WikiRacer::crawler:251] Skipped foreign host link: https://web.archive.org/web/20160910211537/https://techcrunch.com/2013/04/03/mozilla-and-samsung-collaborate-on-servo-mozillas-next-gen-browser-engine-for-tomorrows-multicore-processors
[2025-07-02 15:14:28.150] [DEBUG] [WikiRacer::crawler:251] Skipped foreign host link: https://www.mozilla.org/en-US/firefox/45.0/releasenotes
[2025-07-02 15:14:28.150] [DEBUG] [WikiRacer::crawler:251] Skipped foreign host link: https://web.archive.org/web/20160317215950/https://www.mozilla.org/en-US/firefox/45.0/releasenotes
[2025-07-02 15:14:28.150] [DEBUG] [WikiRacer::crawler:251] Skipped foreign host link: https://techcrunch.com/2017/09/29/its-time-to-give-firefox-another-chance
[2025-07-02 15:14:28.150] [DEBUG] [WikiRacer::crawler:251] Skipped foreign host link: https://web.archive.org/web/20230815025149/https://techcrunch.com/2017/09/29/its-time-to-give-firefox-another-chance
[2025-07-02 15:14:28.150] [DEBUG] [WikiRacer::crawler:251] Skipped foreign host link: https://dl.acm.org/doi/10.1145/3136014.3136031
[2025-07-02 15:14:28.150] [DEBUG] [WikiRacer::crawler:251] Skipped foreign host link: https://doi.org/10.1145%2F3136014.3136031
[2025-07-02 15:14:28.150] [DEBUG] [WikiRacer::crawler:251] Skipped foreign host link: https://hdl.handle.net/1822%2F65359
[2025-07-02 15:14:28.150] [DEBUG] [WikiRacer::crawler:251] Skipped foreign host link: https://www.zdnet.com/article/mozilla-lays-off-250-employees-while-it-refocuses-on-commercial-products
[2025-07-02 15:14:28.150] [DEBUG] [WikiRacer::crawler:251] Skipped foreign host link: https://web.archive.org/web/20220318025804/https://www.zdnet.com/article/mozilla-lays-off-250-employees-while-it-refocuses-on-commercial-products
[2025-07-02 15:14:28.150] [DEBUG] [WikiRacer::crawler:251] Skipped foreign host link: https://www.engadget.com/mozilla-firefox-250-employees-layoffs-151324924.html
[2025-07-02 15:14:28.150] [DEBUG] [WikiRacer::crawler:251] Skipped foreign host link: https://web.archive.org/web/20201213020220/https://www.engadget.com/mozilla-firefox-250-employees-layoffs-151324924.html
[2025-07-02 15:14:28.150] [DEBUG] [WikiRacer::crawler:251] Skipped foreign host link: https://www.zdnet.com/article/programming-language-rust-mozilla-job-cuts-have-hit-us-badly-but-heres-how-well-survive
[2025-07-02 15:14:28.150] [DEBUG] [WikiRacer::crawler:251] Skipped foreign host link: https://web.archive.org/web/20220421083509/https://www.zdnet.com/article/programming-language-rust-mozilla-job-cuts-have-hit-us-badly-but-heres-how-well-survive
[2025-07-02 15:14:28.150] [DEBUG] [WikiRacer::crawler:251] Skipped foreign host link: https://blog.rust-lang.org/2020/08/18/laying-the-foundation-for-rusts-future.html
[2025-07-02 15:14:28.150] [DEBUG] [WikiRacer::crawler:251] Skipped foreign host link: https://web.archive.org/web/20201202022933/https://blog.rust-lang.org/2020/08/18/laying-the-foundation-for-rusts-future.html
[2025-07-02 15:14:28.150] [DEBUG] [WikiRacer::crawler:251] Skipped foreign host link: https://foundation.rust-lang.org/news/2021-02-08-hello-world
[2025-07-02 15:14:28.150] [DEBUG] [WikiRacer::crawler:251] Skipped foreign host link: https://web.archive.org/web/20220419124635/https://foundation.rust-lang.org/news/2021-02-08-hello-world
[2025-07-02 15:14:28.150] [DEBUG] [WikiRacer::crawler:251] Skipped foreign host link: https://blog.mozilla.org/blog/2021/02/08/mozilla-welcomes-the-rust-foundation
[2025-07-02 15:14:28.150] [DEBUG] [WikiRacer::crawler:251] Skipped foreign host link: https://web.archive.org/web/20210208212031/https://blog.mozilla.org/blog/2021/02/08/mozilla-welcomes-the-rust-foundation
[2025-07-02 15:14:28.150] [DEBUG] [WikiRacer::crawler:251] Skipped foreign host link: https://arstechnica.com/gadgets/2021/04/google-is-now-writing-low-level-android-code-in-rust
[2025-07-02 15:14:28.150] [DEBUG] [WikiRacer::crawler:251] Skipped foreign host link: https://web.archive.org/web/20210408001446/https://arstechnica.com/gadgets/2021/04/google-is-now-writing-low-level-android-code-in-rust
[2025-07-02 15:14:28.150] [DEBUG] [WikiRacer::crawler:251] Skipped foreign host link: https://www.theregister.com/2021/11/23/rust_moderation_team_quits
[2025-07-02 15:14:28.150] [DEBUG] [WikiRacer::crawler:251] Skipped foreign host link: https://web.archive.org/web/20220714093245/https://www.theregister.com/2021/11/23/rust_moderation_team_quits
[2025-07-02 15:14:28.150] [DEBUG] [WikiRacer::crawler:251] Skipped foreign host link: https://blog.rust-lang.org/inside-rust/2022/05/19/governance-update.html
[2025-07-02 15:14:28.150] [DEBUG] [WikiRacer::crawler:251] Skipped foreign host link: https://web.archive.org/web/20221027030926/https://blog.rust-lang.org/inside-rust/2022/05/19/governance-update.html
[2025-07-02 15:14:28.150] [DEBUG] [WikiRacer::crawler:251] Skipped foreign host link: https://www.theregister.com/2023/04/17/rust_foundation_apologizes_trademark_policy
[2025-07-02 15:14:28.150] [DEBUG] [WikiRacer::crawler:251] Skipped foreign host link: https://web.archive.org/web/20230507053637/https://www.theregister.com/2023/04/17/rust_foundation_apologizes_trademark_policy
[2025-07-02 15:14:28.150] [DEBUG] [WikiRacer::crawler:251] Skipped foreign host link: https://www.infoworld.com/article/2336216/white-house-urges-developers-to-dump-c-and-c.html
[2025-07-02 15:14:28.150] [DEBUG] [WikiRacer::crawler:251] Skipped foreign host link: https://therecord.media/memory-related-software-bugs-white-house-code-report-oncd
[2025-07-02 15:14:28.150] [DEBUG] [WikiRacer::crawler:251] Skipped foreign host link: https://www.makeuseof.com/memory-safe-programming-white-house-wants
[2025-07-02 15:14:28.150] [DEBUG] [WikiRacer::crawler:251] Skipped foreign host link: https://stackoverflow.blog/2024/12/30/in-rust-we-trust-white-house-office-urges-memory-safety
[2025-07-02 15:14:28.150] [DEBUG] [WikiRacer::crawler:251] Skipped foreign host link: https://web.archive.org/web/20250118013136/https://www.whitehouse.gov/oncd/briefing-room/2024/02/26/press-release-technical-report
[2025-07-02 15:14:28.150] [DEBUG] [WikiRacer::crawler:251] Skipped foreign host link: https://www.whitehouse.gov/oncd/briefing-room/2024/02/26/press-release-technical-report
[2025-07-02 15:14:28.150] [DEBUG] [WikiRacer::crawler:251] Skipped foreign host link: https://www.theregister.com/2021/11/19/rust_foundation_ceo
[2025-07-02 15:14:28.150] [DEBUG] [WikiRacer::crawler:251] Skipped foreign host link: https://web.archive.org/web/20220714110957/https://www.theregister.com/2021/11/19/rust_foundation_ceo
[2025-07-02 15:14:28.150] [DEBUG] [WikiRacer::crawler:251] Skipped foreign host link: https://web.archive.org/web/20230320172900/https://www.techrepublic.com/article/the-rust-programming-language-now-has-its-own-independent-foundation
[2025-07-02 15:14:28.150] [DEBUG] [WikiRacer::crawler:251] Skipped foreign host link: https://www.techrepublic.com/article/the-rust-programming-language-now-has-its-own-independent-foundation
[2025-07-02 15:14:28.151] [DEBUG] [WikiRacer::crawler:251] Skipped foreign host link: https://www.unicode.org/glossary
[2025-07-02 15:14:28.151] [DEBUG] [WikiRacer::crawler:251] Skipped foreign host link: https://web.archive.org/web/20180924092749/http://www.unicode.org/glossary
[2025-07-02 15:14:28.151] [DEBUG] [WikiRacer::crawler:251] Skipped foreign host link: https://doi.org/10.1145/3102980.3103006
[2025-07-02 15:14:28.151] [DEBUG] [WikiRacer::crawler:251] Skipped foreign host link: https://doi.org/10.1145%2F3102980.3103006
[2025-07-02 15:14:28.151] [DEBUG] [WikiRacer::crawler:251] Skipped foreign host link: https://api.semanticscholar.org/CorpusID:24100599
[2025-07-02 15:14:28.151] [DEBUG] [WikiRacer::crawler:251] Skipped foreign host link: https://web.archive.org/web/20220611034046/https://dl.acm.org/doi/10.1145/3102980.3103006
[2025-07-02 15:14:28.151] [DEBUG] [WikiRacer::crawler:251] Skipped foreign host link: https://doc.rust-lang.org/rust-by-example/scope/lifetime.html
[2025-07-02 15:14:28.151] [DEBUG] [WikiRacer::crawler:251] Skipped foreign host link: https://web.archive.org/web/20241116192422/https://doc.rust-lang.org/rust-by-example/scope/lifetime.html
[2025-07-02 15:14:28.151] [DEBUG] [WikiRacer::crawler:251] Skipped foreign host link: https://doc.rust-lang.org/rust-by-example/scope/lifetime/explicit.html
[2025-07-02 15:14:28.151] [DEBUG] [WikiRacer::crawler:251] Skipped foreign host link: https://www.infoq.com/presentations/rust-borrow-checker
[2025-07-02 15:14:28.151] [DEBUG] [WikiRacer::crawler:251] Skipped foreign host link: https://web.archive.org/web/20220625140128/https://www.infoq.com/presentations/rust-borrow-checker
[2025-07-02 15:14:28.151] [DEBUG] [WikiRacer::crawler:251] Skipped foreign host link: https://doc.rust-lang.org/book/ch04-02-references-and-borrowing.html
[2025-07-02 15:14:28.151] [DEBUG] [WikiRacer::crawler:251] Skipped foreign host link: https://dl.acm.org/doi/10.1145/3443420
[2025-07-02 15:14:28.151] [DEBUG] [WikiRacer::crawler:251] Skipped foreign host link: https://doi.org/10.1145%2F3443420
[2025-07-02 15:14:28.151] [DEBUG] [WikiRacer::crawler:251] Skipped foreign host link: https://web.archive.org/web/20240415053627/https://dl.acm.org/doi/10.1145/3443420
[2025-07-02 15:14:28.151] [DEBUG] [WikiRacer::crawler:251] Skipped foreign host link: https://doc.rust-lang.org/rust-by-example/types/cast.html
[2025-07-02 15:14:28.151] [DEBUG] [WikiRacer::crawler:251] Skipped foreign host link: https://doc.rust-lang.org/book/ch18-02-trait-objects.html
[2025-07-02 15:14:28.151] [DEBUG] [WikiRacer::crawler:251] Skipped foreign host link: http://reviews.cnet.com/8301-3514_7-57577639/samsung-joins-mozillas-quest-for-rust
[2025-07-02 15:14:28.151] [DEBUG] [WikiRacer::crawler:251] Skipped foreign host link: https://web.archive.org/web/20130404142333/http://reviews.cnet.com/8301-3514_7-57577639/samsung-joins-mozillas-quest-for-rust
[2025-07-02 15:14:28.151] [DEBUG] [WikiRacer::crawler:251] Skipped foreign host link: https://lwn.net/Articles/547145
[2025-07-02 15:14:28.151] [DEBUG] [WikiRacer::crawler:251] Skipped foreign host link: https://web.archive.org/web/20130426010754/http://lwn.net/Articles/547145
[2025-07-02 15:14:28.151] [DEBUG] [WikiRacer::crawler:251] Skipped foreign host link: https://doc.rust-lang.org/nomicon/races.html
[2025-07-02 15:14:28.151] [DEBUG] [WikiRacer::crawler:251] Skipped foreign host link: https://web.archive.org/web/20170710194643/https://doc.rust-lang.org/nomicon/races.html
[2025-07-02 15:14:28.151] [DEBUG] [WikiRacer::crawler:251] Skipped foreign host link: https://www.ncbi.nlm.nih.gov/pmc/articles/PMC11398098
[2025-07-02 15:14:28.151] [DEBUG] [WikiRacer::crawler:251] Skipped foreign host link: https://ui.adsabs.harvard.edu/abs/2024Senso..24.5818V
[2025-07-02 15:14:28.151] [DEBUG] [WikiRacer::crawler:251] Skipped foreign host link: https://doi.org/10.3390%2Fs24175818
[2025-07-02 15:14:28.151] [DEBUG] [WikiRacer::crawler:251] Skipped foreign host link: https://www.ncbi.nlm.nih.gov/pmc/articles/PMC11398098
[2025-07-02 15:14:28.151] [DEBUG] [WikiRacer::crawler:251] Skipped foreign host link: https://pubmed.ncbi.nlm.nih.gov/39275729
[2025-07-02 15:14:28.151] [DEBUG] [WikiRacer::crawler:251] Skipped foreign host link: https://web.archive.org/web/20150420104147/http://static.rust-lang.org/doc/master/complement-lang-faq.html
[2025-07-02 15:14:28.151] [DEBUG] [WikiRacer::crawler:251] Skipped foreign host link: http://static.rust-lang.org/doc/master/complement-lang-faq.html
[2025-07-02 15:14:28.151] [DEBUG] [WikiRacer::crawler:251] Skipped foreign host link: https://doc.rust-lang.org/rust-by-example/scope/raii.html
[2025-07-02 15:14:28.151] [DEBUG] [WikiRacer::crawler:251] Skipped foreign host link: https://web.archive.org/web/20190421131142/https://doc.rust-lang.org/rust-by-example/scope/raii.html
[2025-07-02 15:14:28.151] [DEBUG] [WikiRacer::crawler:251] Skipped foreign host link: https://blog.rust-lang.org/2015/05/11/traits.html
[2025-07-02 15:14:28.151] [DEBUG] [WikiRacer::crawler:251] Skipped foreign host link: https://web.archive.org/web/20210923101530/https://blog.rust-lang.org/2015/05/11/traits.html
[2025-07-02 15:14:28.151] [DEBUG] [WikiRacer::crawler:251] Skipped foreign host link: https://doc.rust-lang.org/stable/rust-by-example/std/box.html
[2025-07-02 15:14:28.151] [DEBUG] [WikiRacer::crawler:251] Skipped foreign host link: https://web.archive.org/web/20220531114141/https://doc.rust-lang.org/stable/rust-by-example/std/box.html
[2025-07-02 15:14:28.151] [DEBUG] [WikiRacer::crawler:251] Skipped foreign host link: https://doc.rust-lang.org/reference/macros-by-example.html
[2025-07-02 15:14:28.151] [DEBUG] [WikiRacer::crawler:251] Skipped foreign host link: https://web.archive.org/web/20230421052332/https://doc.rust-lang.org/reference/macros-by-example.html
[2025-07-02 15:14:28.152] [DEBUG] [WikiRacer::crawler:251] Skipped foreign host link: https://doc.rust-lang.org/reference/procedural-macros.html
[2025-07-02 15:14:28.152] [DEBUG] [WikiRacer::crawler:251] Skipped foreign host link: https://web.archive.org/web/20201107233444/https://doc.rust-lang.org/reference/procedural-macros.html
[2025-07-02 15:14:28.152] [DEBUG] [WikiRacer::crawler:251] Skipped foreign host link: https://www.heise.de/en/background/Programming-language-Rust-2024-is-the-most-comprehensive-edition-to-date-10393917.html
[2025-07-02 15:14:28.152] [DEBUG] [WikiRacer::crawler:251] Skipped foreign host link: https://www.infoq.com/news/2020/12/cpp-rust-interop-cxx
[2025-07-02 15:14:28.152] [DEBUG] [WikiRacer::crawler:251] Skipped foreign host link: https://web.archive.org/web/20210122142035/https://www.infoq.com/news/2020/12/cpp-rust-interop-cxx
[2025-07-02 15:14:28.152] [DEBUG] [WikiRacer::crawler:251] Skipped foreign host link: https://rustc-dev-guide.rust-lang.org/overview.html
[2025-07-02 15:14:28.152] [DEBUG] [WikiRacer::crawler:251] Skipped foreign host link: https://web.archive.org/web/20230531035222/https://rustc-dev-guide.rust-lang.org/overview.html
[2025-07-02 15:14:28.152] [DEBUG] [WikiRacer::crawler:251] Skipped foreign host link: https://rustc-dev-guide.rust-lang.org/backend/codegen.html
[2025-07-02 15:14:28.152] [DEBUG] [WikiRacer::crawler:251] Skipped foreign host link: https://github.com/rust-lang/rustc_codegen_gcc
[2025-07-02 15:14:28.152] [DEBUG] [WikiRacer::crawler:251] Skipped foreign host link: https://github.com/rust-lang/rustc_codegen_cranelift
[2025-07-02 15:14:28.152] [DEBUG] [WikiRacer::crawler:251] Skipped foreign host link: https://www.nature.com/articles/d41586-020-03382-2
[2025-07-02 15:14:28.152] [DEBUG] [WikiRacer::crawler:251] Skipped foreign host link: https://ui.adsabs.harvard.edu/abs/2020Natur.588..185P
[2025-07-02 15:14:28.152] [DEBUG] [WikiRacer::crawler:251] Skipped foreign host link: https://doi.org/10.1038%2Fd41586-020-03382-2
[2025-07-02 15:14:28.152] [DEBUG] [WikiRacer::crawler:251] Skipped foreign host link: https://pubmed.ncbi.nlm.nih.gov/33262490
[2025-07-02 15:14:28.152] [DEBUG] [WikiRacer::crawler:251] Skipped foreign host link: https://api.semanticscholar.org/CorpusID:227251258
[2025-07-02 15:14:28.152] [DEBUG] [WikiRacer::crawler:251] Skipped foreign host link: https://web.archive.org/web/20220506040523/https://www.nature.com/articles/d41586-020-03382-2
[2025-07-02 15:14:28.152] [DEBUG] [WikiRacer::crawler:251] Skipped foreign host link: https://www.infoq.com/news/2019/04/rust-1.34-additional-registries
[2025-07-02 15:14:28.152] [DEBUG] [WikiRacer::crawler:251] Skipped foreign host link: https://web.archive.org/web/20220714164454/https://www.infoq.com/news/2019/04/rust-1.34-additional-registries
[2025-07-02 15:14:28.152] [DEBUG] [WikiRacer::crawler:251] Skipped foreign host link: https://github.com/rust-lang/rust-clippy
[2025-07-02 15:14:28.152] [DEBUG] [WikiRacer::crawler:251] Skipped foreign host link: https://web.archive.org/web/20210523042004/https://github.com/rust-lang/rust-clippy
[2025-07-02 15:14:28.152] [DEBUG] [WikiRacer::crawler:251] Skipped foreign host link: https://rust-lang.github.io/rust-clippy/master/index.html
[2025-07-02 15:14:28.152] [DEBUG] [WikiRacer::crawler:251] Skipped foreign host link: https://www.theregister.com/2021/11/30/aws_reinvent_rust
[2025-07-02 15:14:28.152] [DEBUG] [WikiRacer::crawler:251] Skipped foreign host link: https://web.archive.org/web/20220711001629/https://www.theregister.com/2021/11/30/aws_reinvent_rust
[2025-07-02 15:14:28.152] [DEBUG] [WikiRacer::crawler:251] Skipped foreign host link: https://www.infoworld.com/article/3218074/what-is-rust-safe-fast-and-easy-software-development.html
[2025-07-02 15:14:28.152] [DEBUG] [WikiRacer::crawler:251] Skipped foreign host link: https://web.archive.org/web/20220624101013/https://www.infoworld.com/article/3218074/what-is-rust-safe-fast-and-easy-software-development.html
[2025-07-02 15:14:28.152] [DEBUG] [WikiRacer::crawler:251] Skipped foreign host link: https://doi.org/10.1145%2F3485480
[2025-07-02 15:14:28.152] [DEBUG] [WikiRacer::crawler:251] Skipped foreign host link: https://doi.org/10.1145%2F3485480
[2025-07-02 15:14:28.152] [DEBUG] [WikiRacer::crawler:251] Skipped foreign host link: https://api.semanticscholar.org/CorpusID:238212612
[2025-07-02 15:14:28.152] [DEBUG] [WikiRacer::crawler:251] Skipped foreign host link: https://dl.acm.org/doi/10.1145/3428204
[2025-07-02 15:14:28.152] [DEBUG] [WikiRacer::crawler:251] Skipped foreign host link: https://doi.org/10.1145%2F3428204
[2025-07-02 15:14:28.152] [DEBUG] [WikiRacer::crawler:251] Skipped foreign host link: https://hdl.handle.net/20.500.11850%2F465785
[2025-07-02 15:14:28.152] [DEBUG] [WikiRacer::crawler:251] Skipped foreign host link: https://search.worldcat.org/issn/2475-1421
[2025-07-02 15:14:28.152] [DEBUG] [WikiRacer::crawler:251] Skipped foreign host link: https://ieeexplore.ieee.org/document/7163218
[2025-07-02 15:14:28.152] [DEBUG] [WikiRacer::crawler:251] Skipped foreign host link: https://doi.org/10.1109%2FSPW.2015.31
[2025-07-02 15:14:28.152] [DEBUG] [WikiRacer::crawler:251] Skipped foreign host link: https://api.semanticscholar.org/CorpusID:16608844
[2025-07-02 15:14:28.152] [DEBUG] [WikiRacer::crawler:251] Skipped foreign host link: https://web.archive.org/web/20221009201729/https://ieeexplore.ieee.org/document/7163218
[2025-07-02 15:14:28.152] [DEBUG] [WikiRacer::crawler:251] Skipped foreign host link: https://doc.rust-lang.org/reference/attributes/codegen.html
[2025-07-02 15:14:28.152] [DEBUG] [WikiRacer::crawler:251] Skipped foreign host link: https://web.archive.org/web/20221009202615/https://doc.rust-lang.org/reference/attributes/codegen.html
[2025-07-02 15:14:28.152] [DEBUG] [WikiRacer::crawler:251] Skipped foreign host link: https://doc.rust-lang.org/1.0.0/complement-lang-faq.html
[2025-07-02 15:14:28.152] [DEBUG] [WikiRacer::crawler:251] Skipped foreign host link: https://web.archive.org/web/20201028102013/https://doc.rust-lang.org/1.0.0/complement-lang-faq.html
[2025-07-02 15:14:28.152] [DEBUG] [WikiRacer::crawler:251] Skipped foreign host link: https://dlnext.acm.org/doi/abs/10.1145/3445814.3446724
[2025-07-02 15:14:28.152] [DEBUG] [WikiRacer::crawler:251] Skipped foreign host link: https://doi.org/10.1145%2F3445814.3446724
[2025-07-02 15:14:28.152] [DEBUG] [WikiRacer::crawler:251] Skipped foreign host link: https://api.semanticscholar.org/CorpusID:231949599
[2025-07-02 15:14:28.152] [DEBUG] [WikiRacer::crawler:251] Skipped foreign host link: https://web.archive.org/web/20220712060927/https://dlnext.acm.org/doi/abs/10.1145/3445814.3446724
[2025-07-02 15:14:28.152] [DEBUG] [WikiRacer::crawler:251] Skipped foreign host link: https://www.computerworld.com/article/3137050/mozilla-plans-to-rejuvenate-firefox-in-2017.html
[2025-07-02 15:14:28.152] [DEBUG] [WikiRacer::crawler:251] Skipped foreign host link: https://web.archive.org/web/20230513020437/https://www.computerworld.com/article/3137050/mozilla-plans-to-rejuvenate-firefox-in-2017.html
[2025-07-02 15:14:28.152] [DEBUG] [WikiRacer::crawler:251] Skipped foreign host link: https://www.theregister.com/2023/01/12/google_chromium_rust
[2025-07-02 15:14:28.152] [DEBUG] [WikiRacer::crawler:251] Skipped foreign host link: https://security.googleblog.com/2023/01/supporting-use-of-rust-in-chromium.html
[2025-07-02 15:14:28.152] [DEBUG] [WikiRacer::crawler:251] Skipped foreign host link: https://web.archive.org/web/20230113004438/https://security.googleblog.com/2023/01/supporting-use-of-rust-in-chromium.html
[2025-07-02 15:14:28.153] [DEBUG] [WikiRacer::crawler:251] Skipped foreign host link: https://www.cnet.com/tech/services-and-software/firefox-mozilla-gets-overhaul-in-a-bid-to-get-you-interested-again
[2025-07-02 15:14:28.153] [DEBUG] [WikiRacer::crawler:251] Skipped foreign host link: https://web.archive.org/web/20220714172029/https://www.cnet.com/tech/services-and-software/firefox-mozilla-gets-overhaul-in-a-bid-to-get-you-interested-again
[2025-07-02 15:14:28.153] [DEBUG] [WikiRacer::crawler:251] Skipped foreign host link: https://web.archive.org/web/20230513161542/https://umbrella.cisco.com/blog/zeromq-helping-us-block-malicious-domains
[2025-07-02 15:14:28.153] [DEBUG] [WikiRacer::crawler:251] Skipped foreign host link: https://umbrella.cisco.com/blog/zeromq-helping-us-block-malicious-domains
[2025-07-02 15:14:28.153] [DEBUG] [WikiRacer::crawler:251] Skipped foreign host link: https://www.zdnet.com/article/aws-to-sponsor-rust-project
[2025-07-02 15:14:28.153] [DEBUG] [WikiRacer::crawler:251] Skipped foreign host link: https://www.theregister.co.uk/2018/06/27/microsofts_next_cloud_trick_kicking_things_out_of_the_cloud_to_azure_iot_edge
[2025-07-02 15:14:28.153] [DEBUG] [WikiRacer::crawler:251] Skipped foreign host link: https://web.archive.org/web/20190927092433/https://www.theregister.co.uk/2018/06/27/microsofts_next_cloud_trick_kicking_things_out_of_the_cloud_to_azure_iot_edge
[2025-07-02 15:14:28.153] [DEBUG] [WikiRacer::crawler:251] Skipped foreign host link: https://www.zdnet.com/article/microsoft-why-we-used-programming-language-rust-over-go-for-webassembly-on-kubernetes-app
[2025-07-02 15:14:28.153] [DEBUG] [WikiRacer::crawler:251] Skipped foreign host link: https://web.archive.org/web/20220421043549/https://www.zdnet.com/article/microsoft-why-we-used-programming-language-rust-over-go-for-webassembly-on-kubernetes-app
[2025-07-02 15:14:28.153] [DEBUG] [WikiRacer::crawler:251] Skipped foreign host link: https://www.theregister.com/2022/09/20/rust_microsoft_c
[2025-07-02 15:14:28.153] [DEBUG] [WikiRacer::crawler:251] Skipped foreign host link: https://www.infoq.com/news/2019/03/rust-npm-performance
[2025-07-02 15:14:28.153] [DEBUG] [WikiRacer::crawler:251] Skipped foreign host link: https://web.archive.org/web/20231119135434/https://www.infoq.com/news/2019/03/rust-npm-performance
[2025-07-02 15:14:28.153] [DEBUG] [WikiRacer::crawler:251] Skipped foreign host link: https://doi.org/10.1007/978-1-4842-5599-5_1
[2025-07-02 15:14:28.153] [DEBUG] [WikiRacer::crawler:251] Skipped foreign host link: https://doi.org/10.1007%2F978-1-4842-5599-5_1
[2025-07-02 15:14:28.153] [DEBUG] [WikiRacer::crawler:251] Skipped foreign host link: https://doi.org/10.1007/978-1-4842-6589-5_1
[2025-07-02 15:14:28.153] [DEBUG] [WikiRacer::crawler:251] Skipped foreign host link: https://doi.org/10.1007%2F978-1-4842-6589-5_1
[2025-07-02 15:14:28.153] [DEBUG] [WikiRacer::crawler:251] Skipped foreign host link: https://www.usenix.org/publications/loginonline/empirical-study-rust-linux-success-dissatisfaction-and-compromise
[2025-07-02 15:14:28.153] [DEBUG] [WikiRacer::crawler:251] Skipped foreign host link: https://lwn.net/Articles/910762
[2025-07-02 15:14:28.153] [DEBUG] [WikiRacer::crawler:251] Skipped foreign host link: https://web.archive.org/web/20231117141103/https://lwn.net/Articles/910762
[2025-07-02 15:14:28.153] [DEBUG] [WikiRacer::crawler:251] Skipped foreign host link: https://www.zdnet.com/article/rust-takes-a-major-step-forward-as-linuxs-second-official-language
[2025-07-02 15:14:28.153] [DEBUG] [WikiRacer::crawler:251] Skipped foreign host link: https://lwn.net/Articles/914458
[2025-07-02 15:14:28.153] [DEBUG] [WikiRacer::crawler:251] Skipped foreign host link: https://lwn.net/Articles/991062
[2025-07-02 15:14:28.153] [DEBUG] [WikiRacer::crawler:251] Skipped foreign host link: https://arstechnica.com/gadgets/2021/04/google-is-now-writing-low-level-android-code-in-rust
[2025-07-02 15:14:28.153] [DEBUG] [WikiRacer::crawler:251] Skipped foreign host link: https://web.archive.org/web/20210408001446/https://arstechnica.com/gadgets/2021/04/google-is-now-writing-low-level-android-code-in-rust
[2025-07-02 15:14:28.153] [DEBUG] [WikiRacer::crawler:251] Skipped foreign host link: https://web.archive.org/web/20210825165930/https://blog.desdelinux.net/en/google-develops-a-new-bluetooth-stack-for-android-written-in-rust
[2025-07-02 15:14:28.153] [DEBUG] [WikiRacer::crawler:251] Skipped foreign host link: https://blog.desdelinux.net/en/google-develops-a-new-bluetooth-stack-for-android-written-in-rust
[2025-07-02 15:14:28.153] [DEBUG] [WikiRacer::crawler:251] Skipped foreign host link: https://www.theregister.com/2023/04/27/microsoft_windows_rust
[2025-07-02 15:14:28.153] [DEBUG] [WikiRacer::crawler:251] Skipped foreign host link: https://web.archive.org/web/20230513082735/https://www.theregister.com/2023/04/27/microsoft_windows_rust
[2025-07-02 15:14:28.153] [DEBUG] [WikiRacer::crawler:251] Skipped foreign host link: https://www.theregister.com/2023/12/01/9front_humanbiologics
[2025-07-02 15:14:28.153] [DEBUG] [WikiRacer::crawler:251] Skipped foreign host link: https://web.archive.org/web/20160321192838/http://www.infoworld.com/article/3046100/open-source-tools/rusts-redox-os-could-show-linux-a-few-new-tricks.html
[2025-07-02 15:14:28.153] [DEBUG] [WikiRacer::crawler:251] Skipped foreign host link: http://www.infoworld.com/article/3046100/open-source-tools/rusts-redox-os-could-show-linux-a-few-new-tricks.html
[2025-07-02 15:14:28.153] [DEBUG] [WikiRacer::crawler:251] Skipped foreign host link: https://www.theregister.com/2021/01/14/rust_os_theseus
[2025-07-02 15:14:28.153] [DEBUG] [WikiRacer::crawler:251] Skipped foreign host link: https://web.archive.org/web/20220714112619/https://www.theregister.com/2021/01/14/rust_os_theseus
[2025-07-02 15:14:28.153] [DEBUG] [WikiRacer::crawler:251] Skipped foreign host link: https://www.usenix.org/conference/osdi20/presentation/boos
[2025-07-02 15:14:28.153] [DEBUG] [WikiRacer::crawler:251] Skipped foreign host link: https://web.archive.org/web/20230513164135/https://www.usenix.org/conference/osdi20/presentation/boos
[2025-07-02 15:14:28.153] [DEBUG] [WikiRacer::crawler:251] Skipped foreign host link: https://rustmagazine.org/issue-1/2022-review-the-adoption-of-rust-in-business
[2025-07-02 15:14:28.153] [DEBUG] [WikiRacer::crawler:251] Skipped foreign host link: https://www.marksei.com/fedora-29-new-features-startis
[2025-07-02 15:14:28.153] [DEBUG] [WikiRacer::crawler:251] Skipped foreign host link: https://web.archive.org/web/20190413075055/https://www.marksei.com/fedora-29-new-features-startis
[2025-07-02 15:14:28.153] [DEBUG] [WikiRacer::crawler:251] Skipped foreign host link: https://www.theregister.com/2022/07/12/oracle_linux_9
[2025-07-02 15:14:28.153] [DEBUG] [WikiRacer::crawler:251] Skipped foreign host link: https://web.archive.org/web/20220714073400/https://www.theregister.com/2022/07/12/oracle_linux_9
[2025-07-02 15:14:28.153] [DEBUG] [WikiRacer::crawler:251] Skipped foreign host link: https://www.theregister.com/2023/02/02/system76_cosmic_xfce_updates
[2025-07-02 15:14:28.153] [DEBUG] [WikiRacer::crawler:251] Skipped foreign host link: https://web.archive.org/web/20240717145511/https://www.theregister.com/2023/02/02/system76_cosmic_xfce_updates
[2025-07-02 15:14:28.153] [DEBUG] [WikiRacer::crawler:251] Skipped foreign host link: https://www.infoq.com/news/2020/06/deno-1-ready-production
[2025-07-02 15:14:28.153] [DEBUG] [WikiRacer::crawler:251] Skipped foreign host link: https://web.archive.org/web/20200701105007/https://www.infoq.com/news/2020/06/deno-1-ready-production
[2025-07-02 15:14:28.153] [DEBUG] [WikiRacer::crawler:251] Skipped foreign host link: https://www.bleepingcomputer.com/news/software/this-flash-player-emulator-lets-you-securely-play-your-old-games
[2025-07-02 15:14:28.154] [DEBUG] [WikiRacer::crawler:251] Skipped foreign host link: https://web.archive.org/web/20211225124131/https://www.bleepingcomputer.com/news/software/this-flash-player-emulator-lets-you-securely-play-your-old-games
[2025-07-02 15:14:28.154] [DEBUG] [WikiRacer::crawler:251] Skipped foreign host link: https://www.bloomberg.com/news/articles/2020-10-17/ethereum-blockchain-killer-goes-by-unassuming-name-of-polkadot
[2025-07-02 15:14:28.154] [DEBUG] [WikiRacer::crawler:251] Skipped foreign host link: https://web.archive.org/web/20201017192915/https://www.bloomberg.com/news/articles/2020-10-17/ethereum-blockchain-killer-goes-by-unassuming-name-of-polkadot
[2025-07-02 15:14:28.154] [DEBUG] [WikiRacer::crawler:251] Skipped foreign host link: https://survey.stackoverflow.co/2024/technology
[2025-07-02 15:14:28.154] [DEBUG] [WikiRacer::crawler:251] Skipped foreign host link: https://www.theregister.com/2022/06/23/linus_torvalds_rust_linux_kernel
[2025-07-02 15:14:28.154] [DEBUG] [WikiRacer::crawler:251] Skipped foreign host link: https://web.archive.org/web/20220728221531/https://www.theregister.com/2022/06/23/linus_torvalds_rust_linux_kernel
[2025-07-02 15:14:28.154] [DEBUG] [WikiRacer::crawler:251] Skipped foreign host link: https://dl.acm.org/doi/10.1145/3158154
[2025-07-02 15:14:28.154] [DEBUG] [WikiRacer::crawler:251] Skipped foreign host link: https://doi.org/10.1145%2F3158154
[2025-07-02 15:14:28.154] [DEBUG] [WikiRacer::crawler:251] Skipped foreign host link: https://hdl.handle.net/21.11116%2F0000-0003-34C6-3
[2025-07-02 15:14:28.154] [DEBUG] [WikiRacer::crawler:251] Skipped foreign host link: https://search.worldcat.org/issn/2475-1421
[2025-07-02 15:14:28.154] [DEBUG] [WikiRacer::crawler:251] Skipped foreign host link: https://doi.org/10.1145%2F3485480
[2025-07-02 15:14:28.154] [DEBUG] [WikiRacer::crawler:251] Skipped foreign host link: https://doi.org/10.1145%2F3485480
[2025-07-02 15:14:28.154] [DEBUG] [WikiRacer::crawler:251] Skipped foreign host link: https://search.worldcat.org/issn/2475-1421
[2025-07-02 15:14:28.154] [DEBUG] [WikiRacer::crawler:251] Skipped foreign host link: https://www.cambridge.org/core/journals/proceedings-of-the-international-astronomical-union/article/what-can-the-programming-language-rust-do-for-astrophysics/B51B6DF72B7641F2352C05A502F3D881
[2025-07-02 15:14:28.154] [DEBUG] [WikiRacer::crawler:251] Skipped foreign host link: https://arxiv.org/abs/1702.02951
[2025-07-02 15:14:28.154] [DEBUG] [WikiRacer::crawler:251] Skipped foreign host link: https://ui.adsabs.harvard.edu/abs/2017IAUS..325..341B
[2025-07-02 15:14:28.154] [DEBUG] [WikiRacer::crawler:251] Skipped foreign host link: https://doi.org/10.1017%2FS1743921316013168
[2025-07-02 15:14:28.154] [DEBUG] [WikiRacer::crawler:251] Skipped foreign host link: https://search.worldcat.org/issn/1743-9213
[2025-07-02 15:14:28.154] [DEBUG] [WikiRacer::crawler:251] Skipped foreign host link: https://api.semanticscholar.org/CorpusID:7857871
[2025-07-02 15:14:28.154] [DEBUG] [WikiRacer::crawler:251] Skipped foreign host link: https://web.archive.org/web/20220625140128/https://www.cambridge.org/core/journals/proceedings-of-the-international-astronomical-union/article/what-can-the-programming-language-rust-do-for-astrophysics/B51B6DF72B7641F2352C05A502F3D881
[2025-07-02 15:14:28.154] [DEBUG] [WikiRacer::crawler:251] Skipped foreign host link: https://www.rust-lang.org/learn/get-started
[2025-07-02 15:14:28.154] [DEBUG] [WikiRacer::crawler:251] Skipped foreign host link: https://web.archive.org/web/20201101145703/https://www.rust-lang.org/learn/get-started
[2025-07-02 15:14:28.154] [DEBUG] [WikiRacer::crawler:251] Skipped foreign host link: https://blog.rust-lang.org/2025/02/13/2024-State-Of-Rust-Survey-results.html
[2025-07-02 15:14:28.154] [DEBUG] [WikiRacer::crawler:251] Skipped foreign host link: https://octoverse.github.com/2022/top-programming-languages
[2025-07-02 15:14:28.154] [DEBUG] [WikiRacer::crawler:251] Skipped foreign host link: https://github.blog/news-insights/octoverse/octoverse-2024
[2025-07-02 15:14:28.154] [DEBUG] [WikiRacer::crawler:251] Skipped foreign host link: https://www.zdnet.com/article/the-rust-programming-language-just-took-a-huge-step-forwards
[2025-07-02 15:14:28.154] [DEBUG] [WikiRacer::crawler:251] Skipped foreign host link: https://web.archive.org/web/20220714105527/https://www.zdnet.com/article/the-rust-programming-language-just-took-a-huge-step-forwards
[2025-07-02 15:14:28.154] [DEBUG] [WikiRacer::crawler:251] Skipped foreign host link: https://www.infoworld.com/article/3606774/rust-language-moves-to-independent-foundation.html
[2025-07-02 15:14:28.154] [DEBUG] [WikiRacer::crawler:251] Skipped foreign host link: https://web.archive.org/web/20210410161528/https://www.infoworld.com/article/3606774/rust-language-moves-to-independent-foundation.html
[2025-07-02 15:14:28.154] [DEBUG] [WikiRacer::crawler:251] Skipped foreign host link: https://www.zdnet.com/article/awss-shane-miller-to-head-the-newly-created-rust-foundation
[2025-07-02 15:14:28.154] [DEBUG] [WikiRacer::crawler:251] Skipped foreign host link: https://web.archive.org/web/20210410031305/https://www.zdnet.com/article/awss-shane-miller-to-head-the-newly-created-rust-foundation
[2025-07-02 15:14:28.154] [DEBUG] [WikiRacer::crawler:251] Skipped foreign host link: https://www.zdnet.com/article/rust-foundation-appoints-rebecca-rumbul-as-executive-director
[2025-07-02 15:14:28.154] [DEBUG] [WikiRacer::crawler:251] Skipped foreign host link: https://web.archive.org/web/20211118062346/https://www.zdnet.com/article/rust-foundation-appoints-rebecca-rumbul-as-executive-director
[2025-07-02 15:14:28.154] [DEBUG] [WikiRacer::crawler:251] Skipped foreign host link: https://www.rust-lang.org/governance
[2025-07-02 15:14:28.154] [DEBUG] [WikiRacer::crawler:251] Skipped foreign host link: https://web.archive.org/web/20220510225505/https://www.rust-lang.org/governance
[2025-07-02 15:14:28.154] [DEBUG] [WikiRacer::crawler:251] Skipped foreign host link: https://blog.rust-lang.org/2023/06/20/introducing-leadership-council.html
[2025-07-02 15:14:28.154] [DEBUG] [WikiRacer::crawler:251] Skipped foreign host link: https://commons.wikimedia.org/wiki/Category:Rust_(programming_language)
[2025-07-02 15:14:28.154] [DEBUG] [WikiRacer::crawler:251] Skipped foreign host link: https://en.wikiversity.org/wiki/Rust
[2025-07-02 15:14:28.154] [DEBUG] [WikiRacer::crawler:251] Skipped foreign host link: https://www.wikidata.org/wiki/Q575650
[2025-07-02 15:14:28.154] [DEBUG] [WikiRacer::crawler:251] Skipped foreign host link: https://www.rust-lang.org/
[2025-07-02 15:14:28.154] [DEBUG] [WikiRacer::crawler:251] Skipped foreign host link: https://www.wikidata.org/wiki/Q575650
[2025-07-02 15:14:28.154] [DEBUG] [WikiRacer::crawler:251] Skipped foreign host link: https://github.com/rust-lang/rust
[2025-07-02 15:14:28.155] [DEBUG] [WikiRacer::crawler:251] Skipped foreign host link: https://www.wikidata.org/wiki/Q575650
[2025-07-02 15:14:28.155] [DEBUG] [WikiRacer::crawler:251] Skipped foreign host link: https://id.worldcat.org/fast/2002371
[2025-07-02 15:14:28.155] [DEBUG] [WikiRacer::crawler:251] Skipped foreign host link: https://d-nb.info/gnd/1078438080
[2025-07-02 15:14:28.155] [DEBUG] [WikiRacer::crawler:251] Skipped foreign host link: https://id.loc.gov/authorities/sh2018000672
[2025-07-02 15:14:28.155] [DEBUG] [WikiRacer::crawler:251] Skipped foreign host link: https://catalogue.bnf.fr/ark:/12148/cb17808721b
[2025-07-02 15:14:28.155] [DEBUG] [WikiRacer::crawler:251] Skipped foreign host link: https://data.bnf.fr/ark:/12148/cb17808721b
[2025-07-02 15:14:28.155] [DEBUG] [WikiRacer::crawler:251] Skipped foreign host link: https://datos.bne.es/resource/XX6456854
[2025-07-02 15:14:28.155] [DEBUG] [WikiRacer::crawler:251] Skipped foreign host link: https://www.nli.org.il/en/authorities/987012402011505171
[2025-07-02 15:14:28.155] [DEBUG] [WikiRacer::crawler:251] Skipped foreign host link: https://foundation.wikimedia.org/wiki/Special:MyLanguage/Policy:Terms_of_Use
[2025-07-02 15:14:28.155] [DEBUG] [WikiRacer::crawler:251] Skipped foreign host link: https://foundation.wikimedia.org/wiki/Special:MyLanguage/Policy:Privacy_policy
[2025-07-02 15:14:28.155] [DEBUG] [WikiRacer::crawler:251] Skipped foreign host link: https://wikimediafoundation.org/
[2025-07-02 15:14:28.155] [DEBUG] [WikiRacer::crawler:251] Skipped foreign host link: https://foundation.wikimedia.org/wiki/Special:MyLanguage/Policy:Privacy_policy
[2025-07-02 15:14:28.155] [DEBUG] [WikiRacer::crawler:251] Skipped foreign host link: https://foundation.wikimedia.org/wiki/Special:MyLanguage/Policy:Universal_Code_of_Conduct
[2025-07-02 15:14:28.155] [DEBUG] [WikiRacer::crawler:251] Skipped foreign host link: https://developer.wikimedia.org/
[2025-07-02 15:14:28.155] [DEBUG] [WikiRacer::crawler:251] Skipped foreign host link: https://stats.wikimedia.org/
[2025-07-02 15:14:28.156] [DEBUG] [WikiRacer::crawler:251] Skipped foreign host link: https://foundation.wikimedia.org/wiki/Special:MyLanguage/Policy:Cookie_statement
[2025-07-02 15:14:28.156] [DEBUG] [WikiRacer::crawler:251] Skipped foreign host link: https://en.m.wikipedia.org/w/index.php?title=Rust_(programming_language)&mobileaction=toggle_view_mobile
[2025-07-02 15:14:28.156] [DEBUG] [WikiRacer::crawler:251] Skipped foreign host link: https://www.wikimedia.org/
[2025-07-02 15:14:28.156] [DEBUG] [WikiRacer::crawler:251] Skipped foreign host link: https://www.mediawiki.org/
[2025-07-02 15:14:28.156] [INFO] [WikiRacer::crawler:262] Found 603 urls on page https://en.wikipedia.org/wiki/Rust_(programming_language)
[2025-07-02 15:14:28.260] [INFO] [WikiRacer::crawler:282] Worker 7: Target has been found. Exiting...
[2025-07-02 15:14:28.260] [INFO] [WikiRacer::crawler:365] Worker 7 finished
[2025-07-02 15:14:28.301] [INFO] [WikiRacer::crawler:282] Worker 5: Target has been found. Exiting...
[2025-07-02 15:14:28.301] [INFO] [WikiRacer::crawler:365] Worker 5 finished
[2025-07-02 15:14:28.304] [INFO] [WikiRacer::crawler:282] Worker 2: Target has been found. Exiting...
[2025-07-02 15:14:28.304] [INFO] [WikiRacer::crawler:365] Worker 2 finished
[2025-07-02 15:14:28.308] [INFO] [WikiRacer::crawler:282] Worker 1: Target has been found. Exiting...
[2025-07-02 15:14:28.309] [INFO] [WikiRacer::crawler:365] Worker 1 finished
[2025-07-02 15:14:28.312] [INFO] [WikiRacer::crawler:282] Worker 6: Target has been found. Exiting...
[2025-07-02 15:14:28.312] [INFO] [WikiRacer::crawler:365] Worker 6 finished
[2025-07-02 15:14:28.313] [INFO] [WikiRacer::crawler:282] Worker 0: Target has been found. Exiting...
[2025-07-02 15:14:28.313] [INFO] [WikiRacer::crawler:365] Worker 0 finished
[2025-07-02 15:14:28.315] [INFO] [WikiRacer::crawler:282] Worker 3: Target has been found. Exiting...
[2025-07-02 15:14:28.315] [INFO] [WikiRacer::crawler:365] Worker 3 finished
[2025-07-02 15:14:28.324] [INFO] [WikiRacer::crawler:282] Worker 4: Target has been found. Exiting...
[2025-07-02 15:14:28.324] [INFO] [WikiRacer::crawler:365] Worker 4 finished
[2025-07-02 15:14:28.326] [DEBUG] [WikiRacer:60] Crawling completed. Total links found: 1
[2025-07-02 15:14:28.327] [DEBUG] [WikiRacer::pathfinder:13] Searching for path from https://en.wikipedia.org/wiki/Rust_(programming_language) to https://en.wikipedia.org/wiki/Mozilla
[2025-07-02 15:14:28.327] [DEBUG] [WikiRacer::pathfinder:14] Graph contains 1 nodes
[2025-07-02 15:14:28.328] [DEBUG] [WikiRacer::pathfinder:54] Found target at depth 1
Shortest path (1 steps):
  START: https://en.wikipedia.org/wiki/Rust_(programming_language)
  END:   https://en.wikipedia.org/wiki/Mozilla
[2025-07-02 15:14:28.328] [INFO] [WikiRacer:66] Path found!
[2025-07-02 15:14:28.328] [INFO] [WikiRacer:68] Number of links between pages: 1
Duration: 1s
